--START=19:26:07

--dir=C:/Rsdu5/0/АТЭЦ = АТЭЦ
C:/Rsdu5/0/АТЭЦ/1 с.ш. 110кВ Ua(75011).cvs (75011) 

C:/Rsdu5/0/АТЭЦ/1 с.ш. 110кВ Ub(75012).cvs (75012) 

C:/Rsdu5/0/АТЭЦ/1 с.ш. 110кВ Uc(75013).cvs (75013) 

C:/Rsdu5/0/АТЭЦ/1 с.ш. 110кВ-f(75014).cvs (75014) 

C:/Rsdu5/0/АТЭЦ/1 с.ш. 150кВ Ua(75000).cvs (75000) 

C:/Rsdu5/0/АТЭЦ/1 с.ш. 150кВ Ub(75001).cvs (75001) 

C:/Rsdu5/0/АТЭЦ/1 с.ш. 150кВ Uc(75002).cvs (75002) 

C:/Rsdu5/0/АТЭЦ/1 с.ш. 150кВ-f(74934).cvs (74934) 

C:/Rsdu5/0/АТЭЦ/2 с.ш. 110кВ Ua(74936).cvs (74936) 

C:/Rsdu5/0/АТЭЦ/2 с.ш. 110кВ Ub(74937).cvs (74937) 

C:/Rsdu5/0/АТЭЦ/2 с.ш. 110кВ Uc(74938).cvs (74938) 

C:/Rsdu5/0/АТЭЦ/2 с.ш. 110кВ-f(74935).cvs (74935) 

C:/Rsdu5/0/АТЭЦ/2 с.ш. 150кВ Ua(74939).cvs (74939) 

C:/Rsdu5/0/АТЭЦ/2 с.ш. 150кВ Ub(74940).cvs (74940) 

C:/Rsdu5/0/АТЭЦ/2 с.ш. 150кВ Uc(74941).cvs (74941) 

C:/Rsdu5/0/АТЭЦ/2 с.ш. 150кВ-f(75008).cvs (75008) 

C:/Rsdu5/0/АТЭЦ/F(701).cvs (701) 

C:/Rsdu5/0/АТЭЦ/Pcym  ВМШ 110кВ(74944).cvs (74944) 

C:/Rsdu5/0/АТЭЦ/Pcym  ВМШ 150кВ(74942).cvs (74942) 

C:/Rsdu5/0/АТЭЦ/Pcym  Л-114(74929).cvs (74929) 

C:/Rsdu5/0/АТЭЦ/Pcym  Л-116(74931).cvs (74931) 

C:/Rsdu5/0/АТЭЦ/Pcym  Л-117(74930).cvs (74930) 

C:/Rsdu5/0/АТЭЦ/Pcym  Л-155(74927).cvs (74927) 

C:/Rsdu5/0/АТЭЦ/Pcym  Л-156(74928).cvs (74928) 

C:/Rsdu5/0/АТЭЦ/Pcym  Л-181(766).cvs (766) 

C:/Rsdu5/0/АТЭЦ/Pcym  Л-190(74922).cvs (74922) 

C:/Rsdu5/0/АТЭЦ/Pcym  Л-191(74923).cvs (74923) 

C:/Rsdu5/0/АТЭЦ/Pcym  Л-193(74920).cvs (74920) 

C:/Rsdu5/0/АТЭЦ/Pcym  Л-194(74921).cvs (74921) 

C:/Rsdu5/0/АТЭЦ/Pcym  Л-201(74924).cvs (74924) 

C:/Rsdu5/0/АТЭЦ/Pcym  ОВ-110(74933).cvs (74933) 

C:/Rsdu5/0/АТЭЦ/Pcym  ОВ-150(74932).cvs (74932) 

C:/Rsdu5/0/АТЭЦ/Pcym Л-107(764).cvs (764) 

C:/Rsdu5/0/АТЭЦ/Pcym Л-109(765).cvs (765) 

C:/Rsdu5/0/АТЭЦ/Pcym Л-115(74980).cvs (74980) 

C:/Rsdu5/0/АТЭЦ/Qcym  ВМШ 110кВ(74945).cvs (74945) 

C:/Rsdu5/0/АТЭЦ/Qcym  ВМШ 150кВ(74943).cvs (74943) 

C:/Rsdu5/0/АТЭЦ/SP АТ-1, АТ-2(726).cvs (726) 

C:/Rsdu5/0/АТЭЦ/SP Ген(721).cvs (721) 

C:/Rsdu5/0/АТЭЦ/SP Л-114, Л-115(727).cvs (727) 

C:/Rsdu5/0/АТЭЦ/SP Л-116, Л-117(723).cvs (723) 

C:/Rsdu5/0/АТЭЦ/SP Л-155, 6, 201(767).cvs (767) 

C:/Rsdu5/0/АТЭЦ/SP Л-190, Л-191(728).cvs (728) 

C:/Rsdu5/0/АТЭЦ/SP Л-193, Л-194(729).cvs (729) 

C:/Rsdu5/0/АТЭЦ/SQ АТ-1, АТ-2(725).cvs (725) 

C:/Rsdu5/0/АТЭЦ/SQ Ген(722).cvs (722) 

C:/Rsdu5/0/АТЭЦ/SQ Л-155, 156, 201(724).cvs (724) 

C:/Rsdu5/0/АТЭЦ/U(761).cvs (761) 

C:/Rsdu5/0/АТЭЦ/U(762).cvs (762) 

C:/Rsdu5/0/АТЭЦ/Обх. с.ш. 110кВ Ua(75016).cvs (75016) 

C:/Rsdu5/0/АТЭЦ/Обх. с.ш. 110кВ Ub(75017).cvs (75017) 

C:/Rsdu5/0/АТЭЦ/Обх. с.ш. 110кВ Uc(75018).cvs (75018) 

C:/Rsdu5/0/АТЭЦ/Обх. с.ш. 110кВ-f(75019).cvs (75019) 

C:/Rsdu5/0/АТЭЦ/Обх. с.ш. 150кВ Ua(75020).cvs (75020) 

C:/Rsdu5/0/АТЭЦ/Обх. с.ш. 150кВ Ub(75021).cvs (75021) 

C:/Rsdu5/0/АТЭЦ/Обх. с.ш. 150кВ Uc(75022).cvs (75022) 

C:/Rsdu5/0/АТЭЦ/Обх. с.ш. 150кВ-f(75023).cvs (75023) 

C:/Rsdu5/0/АТЭЦ/Рcym Л-105(763).cvs (763) 

C:/Rsdu5/0/АТЭЦ/Т-1 110кВ Напряжение(67519).cvs (67519) 

C:/Rsdu5/0/АТЭЦ/Т-3 110 кВ Напряжение(67513).cvs (67513) 

--dir=C:/Rsdu5/0/Борисоглебская ГЭС 8 = Борисоглебская ГЭС 8
C:/Rsdu5/0/Борисоглебская ГЭС 8/1СШ 150кВ Напряжение(30207).cvs (30207) 

C:/Rsdu5/0/Борисоглебская ГЭС 8/2СШ 150кВ Напряжение(30208).cvs (30208) 

C:/Rsdu5/0/Борисоглебская ГЭС 8/ВЛ-167 150кВ Напряжение(30211).cvs (30211) 

C:/Rsdu5/0/Борисоглебская ГЭС 8/ВЛ-225 150кВ Напряжение(30209).cvs (30209) 

C:/Rsdu5/0/Борисоглебская ГЭС 8/ВС-150 Напряжение(30216).cvs (30216) 

C:/Rsdu5/0/Борисоглебская ГЭС 8/ГЭС-8 Потребление(30199).cvs (30199) 

C:/Rsdu5/0/Борисоглебская ГЭС 8/ГЭС-8 Потребление(30200).cvs (30200) 

C:/Rsdu5/0/Борисоглебская ГЭС 8/Л-167 Icp(30281).cvs (30281) 

C:/Rsdu5/0/Борисоглебская ГЭС 8/Л-167 Pcym(30282).cvs (30282) 

C:/Rsdu5/0/Борисоглебская ГЭС 8/Л-167 Qcym(30283).cvs (30283) 

--dir=C:/Rsdu5/0/Верхне-Териберская ГЭС 18 = Верхне-Териберская ГЭС 18
C:/Rsdu5/0/Верхне-Териберская ГЭС 18/1СШ 150кВ Ua(29955).cvs (29955) 

C:/Rsdu5/0/Верхне-Териберская ГЭС 18/1СШ 150кВ Ub(30119).cvs (30119) 

C:/Rsdu5/0/Верхне-Териберская ГЭС 18/1СШ 150кВ Uc(30120).cvs (30120) 

C:/Rsdu5/0/Верхне-Териберская ГЭС 18/2СШ 150кВ Ua(29954).cvs (29954) 

C:/Rsdu5/0/Верхне-Териберская ГЭС 18/2СШ 150кВ Ub(30124).cvs (30124) 

C:/Rsdu5/0/Верхне-Териберская ГЭС 18/2СШ 150кВ Uc(30125).cvs (30125) 

C:/Rsdu5/0/Верхне-Териберская ГЭС 18/ВЛ-178 150кВ Напряжение(29956).cvs (29956) 

C:/Rsdu5/0/Верхне-Териберская ГЭС 18/ВЛ-178 Icp(30116).cvs (30116) 

C:/Rsdu5/0/Верхне-Териберская ГЭС 18/ВЛ-178 Pcym(30117).cvs (30117) 

C:/Rsdu5/0/Верхне-Териберская ГЭС 18/ВЛ-178 Qcym(30118).cvs (30118) 

C:/Rsdu5/0/Верхне-Териберская ГЭС 18/ВЛ-226 150кВ Напряжение(29960).cvs (29960) 

C:/Rsdu5/0/Верхне-Териберская ГЭС 18/ВЛ-226 Icp(30121).cvs (30121) 

C:/Rsdu5/0/Верхне-Териберская ГЭС 18/ВЛ-226 Pcym(30122).cvs (30122) 

C:/Rsdu5/0/Верхне-Териберская ГЭС 18/ВЛ-226 Qcym(30123).cvs (30123) 

C:/Rsdu5/0/Верхне-Териберская ГЭС 18/ВЛ-227 150кВ Напряжение(29963).cvs (29963) 

C:/Rsdu5/0/Верхне-Териберская ГЭС 18/ВЛ-227 Icp(30126).cvs (30126) 

C:/Rsdu5/0/Верхне-Териберская ГЭС 18/ВЛ-227 Pcym(30127).cvs (30127) 

C:/Rsdu5/0/Верхне-Териберская ГЭС 18/ВЛ-227 Qcym(30128).cvs (30128) 

C:/Rsdu5/0/Верхне-Териберская ГЭС 18/ВС-150 Icp(30129).cvs (30129) 

C:/Rsdu5/0/Верхне-Териберская ГЭС 18/ВС-150 Pcym(30130).cvs (30130) 

C:/Rsdu5/0/Верхне-Териберская ГЭС 18/ВС-150 Qcym(30131).cvs (30131) 

C:/Rsdu5/0/Верхне-Териберская ГЭС 18/ВС-150 Напряжение(29965).cvs (29965) 

C:/Rsdu5/0/Верхне-Териберская ГЭС 18/ОЛ-178 150кВ Напряжение(30132).cvs (30132) 

C:/Rsdu5/0/Верхне-Териберская ГЭС 18/ОЛ-178 Icp(30134).cvs (30134) 

C:/Rsdu5/0/Верхне-Териберская ГЭС 18/ОЛ-178 Pcym(30135).cvs (30135) 

C:/Rsdu5/0/Верхне-Териберская ГЭС 18/ОЛ-178 Qcym(30136).cvs (30136) 

--dir=C:/Rsdu5/0/КТП-2 = КТП-2
C:/Rsdu5/0/КТП-2/1 с.ш. 0,4 кВ  F(31253).cvs (31253) 

C:/Rsdu5/0/КТП-2/1 с.ш. 0,4 кВ  Ua(31263).cvs (31263) 

C:/Rsdu5/0/КТП-2/1 с.ш. 0,4 кВ  Uab(31298).cvs (31298) 

C:/Rsdu5/0/КТП-2/1 с.ш. 0,4 кВ  Ub(31266).cvs (31266) 

C:/Rsdu5/0/КТП-2/1 с.ш. 0,4 кВ  Ubc(31301).cvs (31301) 

C:/Rsdu5/0/КТП-2/1 с.ш. 0,4 кВ  Uc(31289).cvs (31289) 

C:/Rsdu5/0/КТП-2/1 с.ш. 0,4 кВ  Uca(31304).cvs (31304) 

C:/Rsdu5/0/КТП-2/F дорасчет(31930).cvs (31930) 

C:/Rsdu5/0/КТП-2/Psum(31410).cvs (31410) 

C:/Rsdu5/0/КТП-2/Psum(31432).cvs (31432) 

C:/Rsdu5/0/КТП-2/Pсумм(31292).cvs (31292) 

C:/Rsdu5/0/КТП-2/Qsum(31411).cvs (31411) 

C:/Rsdu5/0/КТП-2/Qsum(31433).cvs (31433) 

C:/Rsdu5/0/КТП-2/Qсумм(31295).cvs (31295) 

C:/Rsdu5/0/КТП-2/Дорасчет P фидеров(45332).cvs (45332) 

C:/Rsdu5/0/КТП-2/Дорасчет Q фидеров(45333).cvs (45333) 

C:/Rsdu5/0/КТП-2/Т-1 0,4кВ  Ia(31254).cvs (31254) 

C:/Rsdu5/0/КТП-2/Т-1 0,4кВ  Ib(31257).cvs (31257) 

C:/Rsdu5/0/КТП-2/Т-1 0,4кВ  Ic(31260).cvs (31260) 

C:/Rsdu5/0/КТП-2/Ф-1 0,4кВ  Ia(31402).cvs (31402) 

C:/Rsdu5/0/КТП-2/Ф-1 0,4кВ  Ib(31403).cvs (31403) 

C:/Rsdu5/0/КТП-2/Ф-1 0,4кВ  Ic(31404).cvs (31404) 

C:/Rsdu5/0/КТП-2/Ф-1 0,4кВ  Ua(31405).cvs (31405) 

C:/Rsdu5/0/КТП-2/Ф-1 0,4кВ  Uab(31412).cvs (31412) 

C:/Rsdu5/0/КТП-2/Ф-1 0,4кВ  Ub(31408).cvs (31408) 

C:/Rsdu5/0/КТП-2/Ф-1 0,4кВ  Ubc(31413).cvs (31413) 

C:/Rsdu5/0/КТП-2/Ф-1 0,4кВ  Uc(31409).cvs (31409) 

C:/Rsdu5/0/КТП-2/Ф-1 0,4кВ  Uca(31414).cvs (31414) 

C:/Rsdu5/0/КТП-2/Ф-3 0,4кВ  Ia(31426).cvs (31426) 

C:/Rsdu5/0/КТП-2/Ф-3 0,4кВ  Ib(31427).cvs (31427) 

C:/Rsdu5/0/КТП-2/Ф-3 0,4кВ  Ic(31428).cvs (31428) 

C:/Rsdu5/0/КТП-2/Ф-3 0,4кВ  Ua(31429).cvs (31429) 

C:/Rsdu5/0/КТП-2/Ф-3 0,4кВ  Uab(31434).cvs (31434) 

C:/Rsdu5/0/КТП-2/Ф-3 0,4кВ  Ub(31430).cvs (31430) 

C:/Rsdu5/0/КТП-2/Ф-3 0,4кВ  Ubc(31435).cvs (31435) 

C:/Rsdu5/0/КТП-2/Ф-3 0,4кВ  Uc(31431).cvs (31431) 

C:/Rsdu5/0/КТП-2/Ф-3 0,4кВ  Uca(31436).cvs (31436) 


--END=19:26:11
