
 16  Линии электропередачи
  17  ЛЭП 220 кВ
    18  ВЛ 220 кВ Артёмовская ТЭЦ – Береговая-2
      497  ПРМ УПК-Ц 280 кГц
      498  ПРД УПК-Ц 204 кГц
      627  КСЗ (ЭПЗ-1636)
      1803  ПРД УПК-Ц 280 кГц ВЛ 220 кВ Артемовская ТЭЦ - Береговая - 2
      2284  ПРМ УПК-Ц 204 кГц
    19  ВЛ 220 кВ Артёмовская ТЭЦ – Владивостокская ТЭЦ-2
      495  ПРД УПК-Ц 464 кГц
      496  ПРМ УПК-Ц 372 кГц
      504  ПРМ УПК-Ц 464 кГц
      505  ПРД УПК-Ц 372 кГц ВЛ 220 кВ АТЭЦ – ВТЭЦ-2
      572  КСЗ (ЭПЗ-1636)
      573  КСЗ (ЭПЗ-1636)
      693  РАСП (ФПМ) ВЛ 220 кВ Артёмовская ТЭЦ  - Владивостокская ТЭЦ-2
      1916  ДФЗ (ДФЗ-201)
      1917  ДФЗ (ДФЗ-201)
    36  КВЛ 220 кВ Артёмовская ТЭЦ – Аэропорт
      499  ПРД/ПРМ PBS по ВОЛС
      515  ПРМ/ПРД PBS по ВОЛС КВЛ 220 кВ Артемовская ТЭЦ – Аэропорт
      581  ДЗЛ (7SD522) КВЛ 220 кВ Артемовская ТЭЦ – Аэропорт
      582  КСЗ (7SA522)
      2051  ДЗЛ (7SD522) 
    84  КВЛ 220 кВ Владивостокская ТЭЦ-2 – Зелёный угол
      524  ПРД/ПРМ PBS по ВОЛС КВЛ 220 кВ Владивостокская ТЭЦ-2 – Зелёный угол
      575  ДЗЛ и КСЗ (ШЭ2607093) КВЛ 220 кВ Владивостокская ТЭЦ-2 – Зелёный угол
      640  КСЗ (ШЭ2607021) КВЛ 220 кВ Владивостокская ТЭЦ-2 – Зелёный угол
      694  РАСП (ИМФ)
      2062  ПРД/ПРМ PBS по ВОЛС КВЛ 220 кВ Владивостокская ТЭЦ-2 – Зелёный угол
      2145  ПРД/ПРМ PBS по ВОЛС КВЛ 220 кВ Владивостокская ТЭЦ-2 – Зелёный угол
      2283  ДЗЛ и КСЗ (ШЭ2607091) КВЛ 220 кВ Владивостокская ТЭЦ-2 – Зелёный угол
    135  КВЛ 220 кВ Нерюнгринская ГРЭС – Тында с отпайкой на ПС НПС-19
      838  ДФЗ, КСЗ КВЛ 220 кВ Нерюнгринская ГРЭС - Тында  I цепь (ШЭ2607-085)
      1434  КСЗ КВЛ 220 кВ Нерюнгринская ГРЭС – Тында с отпайкой на ПС НПС-19 (ДЗ, ТЗНП, МФТО) (ЭПЗ-1636)
      1434  КСЗ КВЛ 220 кВ Нерюнгринская ГРЭС – Тында I цепь с отпайкой на ПС НПС-19 (ДЗ, ТЗНП, МФТО) (ЭПЗ-1636)
      1434  КСЗ КВЛ 220 кВ Нерюнгринская ГРЭС – Тында с отпайкой на ПС НПС-19 (ДЗ, ТЗНП, МФТО) (ЭПЗ-1636)
      1466  ДФЗ КВЛ 220 кВ Нерюнгринская ГРЭС – Тында отпайкой на ПС НПС-19 (ДФЗ-201)
      1466  ДФЗ КВЛ 220 кВ Нерюнгринская ГРЭС – Тында I цепь с отпайкой на ПС НПС-19 (ДФЗ-201)
      1466  ДФЗ КВЛ 220 кВ Нерюнгринская ГРЭС – Тында отпайкой на ПС НПС-19 (ДФЗ-201)
    135  КВЛ 220 кВ Нерюнгринская ГРЭС – Тында I цепь с отпайкой на ПС НПС-19
      838  ДФЗ, КСЗ КВЛ 220 кВ Нерюнгринская ГРЭС - Тында  I цепь (ШЭ2607-085)
      1434  КСЗ КВЛ 220 кВ Нерюнгринская ГРЭС – Тында с отпайкой на ПС НПС-19 (ДЗ, ТЗНП, МФТО) (ЭПЗ-1636)
      1434  КСЗ КВЛ 220 кВ Нерюнгринская ГРЭС – Тында I цепь с отпайкой на ПС НПС-19 (ДЗ, ТЗНП, МФТО) (ЭПЗ-1636)
      1434  КСЗ КВЛ 220 кВ Нерюнгринская ГРЭС – Тында с отпайкой на ПС НПС-19 (ДЗ, ТЗНП, МФТО) (ЭПЗ-1636)
      1466  ДФЗ КВЛ 220 кВ Нерюнгринская ГРЭС – Тында отпайкой на ПС НПС-19 (ДФЗ-201)
      1466  ДФЗ КВЛ 220 кВ Нерюнгринская ГРЭС – Тында I цепь с отпайкой на ПС НПС-19 (ДФЗ-201)
      1466  ДФЗ КВЛ 220 кВ Нерюнгринская ГРЭС – Тында отпайкой на ПС НПС-19 (ДФЗ-201)
    135  КВЛ 220 кВ Нерюнгринская ГРЭС – Тында с отпайкой на ПС НПС-19
      838  ДФЗ, КСЗ КВЛ 220 кВ Нерюнгринская ГРЭС - Тында  I цепь (ШЭ2607-085)
      1434  КСЗ КВЛ 220 кВ Нерюнгринская ГРЭС – Тында с отпайкой на ПС НПС-19 (ДЗ, ТЗНП, МФТО) (ЭПЗ-1636)
      1434  КСЗ КВЛ 220 кВ Нерюнгринская ГРЭС – Тында I цепь с отпайкой на ПС НПС-19 (ДЗ, ТЗНП, МФТО) (ЭПЗ-1636)
      1434  КСЗ КВЛ 220 кВ Нерюнгринская ГРЭС – Тында с отпайкой на ПС НПС-19 (ДЗ, ТЗНП, МФТО) (ЭПЗ-1636)
      1466  ДФЗ КВЛ 220 кВ Нерюнгринская ГРЭС – Тында отпайкой на ПС НПС-19 (ДФЗ-201)
      1466  ДФЗ КВЛ 220 кВ Нерюнгринская ГРЭС – Тында I цепь с отпайкой на ПС НПС-19 (ДФЗ-201)
      1466  ДФЗ КВЛ 220 кВ Нерюнгринская ГРЭС – Тында отпайкой на ПС НПС-19 (ДФЗ-201)
    136  ВЛ 220 кВ Нерюнгринская ГРЭС – НПС-18 № 2
      836  КСЗ+ТУ ВЛ 220 кВ Нерюнгринская ГРЭС – НПС-18 №2 (7SA522)
      837  ДЗЛ, КСЗ+ТУ ВЛ 220 кВ Нерюнгринская ГРЭС – НПС-18 №2 (7SD522)
      1437  ПРД/ПРМ ETL 24/28 кГц ВЛ 220 кВ Нерюнгринская ГРЭС – НПС-18 № 2
      1440  КСЗ ВЛ 220 кВ Нерюнгринская ГРЭС – НПС-18 №2 (ДЗ, ТЗНП, МТЗ, МФТО, ТУ) (7SA522)
      1442  ПРД/ПРМ PBS по ВОЛС ВЛ 220 кВ Нерюнгринская ГРЭС – НПС-18 № 2
      1450  ДЗЛ, КСЗ+ТУ ВЛ 220 кВ Нерюнгринская ГРЭС – НПС-18 № 2 (ДЗЛ, ТУ, ДЗ, ТЗНП, МТЗ, МФТО) (7SD522)
      1450  Комплект РЗ ВЛ 220 кВ Нерюнгринская ГРЭС – НПС-18 № 2 (ДЗЛ, ТУ, ДЗ, ТЗНП, МТЗ, МФТО) (7SD522)
      1910  ПРМ/ПРД ETL 24/28 кГц ВЛ 220 кВ Нерюнгринская ГРЭС – НПС-18 №2
      1911  ПРМ/ПРД PBS по ВОЛС ВЛ 220 кВ Нерюнгринская ГРЭС – НПС-18 №2
    137  ВЛ 220 кВ Нерюнгринская ГРЭС – НПС-18 № 1
      834  КСЗ+ТУ ВЛ 220 кВ Нерюнгринская ГРЭС – НПС-18 №1 (7SA522)
      835  ДЗЛ, КСЗ+ТУ ВЛ 220 кВ Нерюнгринская ГРЭС – НПС-18 №1 (7SD522)
      1443  ПРД/ПРМ PBS по ВОЛС ВЛ 220 кВ Нерюнгринская ГРЭС – НПС-18 № 1
      1443  ПРД/ПРМ PBS по ВОЛС ВЛ 220 кВ Нерюнгринская ГРЭС – НПС-18 
      1467  ДЗЛ, КСЗ+ТУ ВЛ 220 кВ Нерюнгринская ГРЭС – НПС-18 № 1 (ДЗЛ, ТУ, ДЗ, ТЗНП, МТЗ, МФТО) (7SD522)
      1467  Комплект РЗ ВЛ 220 кВ Нерюнгринская ГРЭС – НПС-18 № 1 (ДЗЛ, ТУ, ДЗ, ТЗНП, МТЗ, МФТО) (7SD522)
      1470  ПРД/ПРМ ETL 312/316 кГц ВЛ 220 кВ Нерюнгринская ГРЭС – НПС-18 № 1
      1470  ПРД/ПРМ ETL 312/316 кГц ВЛ 220 кВ Нерюнгринская ГРЭС – НПС-18 
      1489  КСЗ ВЛ 220 кВ Нерюнгринская ГРЭС – НПС-18 №1 (ДЗ, ТЗНП, МФТО, ТУ) (ЭПЗ-1636М)
      1908  ПРМ/ПРД ETL 312/316 кГц ВЛ 220 кВ Нерюнгринская ГРЭС – НПС-18 №1
      1908  ПРМ/ПРД ETL 312/316 кГц ВЛ 220 кВ Нерюнгринская ГРЭС – НПС-18
      1909  ПРМ/ПРД PBS по ВОЛС ВЛ 220 кВ Нерюнгринская ГРЭС – НПС-18 №1
      1909  ПРМ/ПРД PBS по ВОЛС ВЛ 220 кВ Нерюнгринская ГРЭС – НПС-18 
    137  ВЛ 220 кВ Нерюнгринская ГРЭС – НПС-18
      834  КСЗ+ТУ ВЛ 220 кВ Нерюнгринская ГРЭС – НПС-18 №1 (7SA522)
      835  ДЗЛ, КСЗ+ТУ ВЛ 220 кВ Нерюнгринская ГРЭС – НПС-18 №1 (7SD522)
      1443  ПРД/ПРМ PBS по ВОЛС ВЛ 220 кВ Нерюнгринская ГРЭС – НПС-18 № 1
      1443  ПРД/ПРМ PBS по ВОЛС ВЛ 220 кВ Нерюнгринская ГРЭС – НПС-18 
      1467  ДЗЛ, КСЗ+ТУ ВЛ 220 кВ Нерюнгринская ГРЭС – НПС-18 № 1 (ДЗЛ, ТУ, ДЗ, ТЗНП, МТЗ, МФТО) (7SD522)
      1467  Комплект РЗ ВЛ 220 кВ Нерюнгринская ГРЭС – НПС-18 № 1 (ДЗЛ, ТУ, ДЗ, ТЗНП, МТЗ, МФТО) (7SD522)
      1470  ПРД/ПРМ ETL 312/316 кГц ВЛ 220 кВ Нерюнгринская ГРЭС – НПС-18 № 1
      1470  ПРД/ПРМ ETL 312/316 кГц ВЛ 220 кВ Нерюнгринская ГРЭС – НПС-18 
      1489  КСЗ ВЛ 220 кВ Нерюнгринская ГРЭС – НПС-18 №1 (ДЗ, ТЗНП, МФТО, ТУ) (ЭПЗ-1636М)
      1908  ПРМ/ПРД ETL 312/316 кГц ВЛ 220 кВ Нерюнгринская ГРЭС – НПС-18 №1
      1908  ПРМ/ПРД ETL 312/316 кГц ВЛ 220 кВ Нерюнгринская ГРЭС – НПС-18
      1909  ПРМ/ПРД PBS по ВОЛС ВЛ 220 кВ Нерюнгринская ГРЭС – НПС-18 №1
      1909  ПРМ/ПРД PBS по ВОЛС ВЛ 220 кВ Нерюнгринская ГРЭС – НПС-18 
    150  ВЛ 220 кВ Приморская ГРЭС – Бикин/т
      188  ПРД УПК-Ц 256 кГц ВЛ 220 кВ Приморская ГРЭС – Бикин/т
      189  ПРM УПК-Ц 340 кГц ВЛ 220 кВ Приморская ГРЭС – Бикин/т
      525  КСЗ (ШДЭ-2801 рез) ВЛ 220 кВ Приморская ГРЭС – Бикин/т
      526  КСЗ (ШДЭ-2801 осн) ВЛ 220 кВ Приморская ГРЭС – Бикин/т
    151  ВЛ 220 кВ Приморская ГРЭС – Розенгартовка/т
      194  ПРМ УПК-Ц 232 кГц ВЛ 220 кВ Приморская ГРЭС – Розенгартовка/т
      195  ПРД УПК-Ц 164 кГц ВЛ 220 кВ Приморская ГРЭС – Розенгартовка/т
      527  КСЗ (ШДЭ-2801 рез) ВЛ 220 кВ Приморская ГРЭС – Розенгартовка/т
      528  КСЗ (ШДЭ-2801 осн) ВЛ 220 кВ Приморская ГРЭС – Розенгартовка/т
      2033  ПРМ УПК-Ц 164 кГц ВЛ 220 кВ Приморская ГРЭС – Розенгартовка/т
    171  ВЛ 220 кВ Приморская ГРЭС – Губерово/т
      557  КСЗ (ШДЭ-2801 осн) ВЛ 220 кВ Приморская ГРЭС – Губерово/т
      559  КСЗ (ШДЭ-2801 рез) ВЛ 220 кВ Приморская ГРЭС – Губерово/т
      580  ПРМ УПК-Ц 228 кГц ВЛ 220 кВ Приморская ГРЭС – Губерово/т
      712  ПРД УПК-Ц 244 кГц ВЛ 220 кВ Приморская ГРЭС – Губерово/т
      1843  ПРД УПК-Ц 228 кГц
      1844  ПРМ УПК-Ц 244 кГц
    172  ВЛ 220 кВ Приморская ГРЭС – Лесозаводск с отпайкой на ПС Иман
      488  ПРМ УПК-Ц 192 кГц  ВЛ 220 кВ Приморская ГРЭС - Лесозаводск с отпайкой на ПС Иман
      556  КСЗ (ШДЭ-2801 осн) ВЛ 220 кВ Приморская ГРЭС - Лесозаводск с отпайкой на ПС Иман
      558  КСЗ (ШДЭ-2801 рез) ВЛ 220 кВ Приморская ГРЭС - Лесозаводск с отпайкой на ПС Иман
      717  ПРД УПК-Ц 172 кГц ВЛ 220 кВ Приморская ГРЭС – Лесозаводск с отпайкой на ПС Иман
      2152  ПРM УПК-Ц 172 кГц ВЛ 220 кВ Приморская ГРЭС – Лесозаводск с отпайкой на ПС Иман
    196  ВЛ 220 кВ Приморская ГРЭС – НПС-38
      703  ДЗЛ и КСЗ (7SD522) ВЛ 220 кВ Приморская ГРЭС – НПС-38
      704  КСЗ (7SA522) ВЛ 220 кВ Приморская ГРЭС – НПС-38
      713  ПРД УПК-Ц 160 кГц ВЛ 220 кВ Приморская ГРЭС – НПС-38
      714  ПРМ УПК-Ц 148 кГц ВЛ 220 кВ Приморская ГРЭС – НПС-38
      715  ПРД/ПРМ PBS по ВОЛС ВЛ 220 кВ Приморская ГРЭС – НПС-38
      2041  ДЗЛ (7SD522) ВЛ 220 кВ Приморская ГРЭС – НПС-38
      2153  ПРД УПК-Ц 148 кГц ВЛ 220 кВ Приморская ГРЭС – НПС-38
      2154  ПРМ УПК-Ц 160 кГц ВЛ 220 кВ Приморская ГРЭС – НПС-38
    197  ВЛ 220 кВ Приморская ГРЭС – НПС-36 (Л-236)
      227  ПРМ УПК-Ц 284 кГц ВЛ 220 кВ Приморская ГРЭС – НПС-36
      228  ПРД УПК-Ц 272 кГц ВЛ 220 кВ Приморская ГРЭС – НПС-36
      230  ПРД/ПРМ TEBIT по ВОЛС ВЛ 220 кВ Приморская ГРЭС – НПС-36
      702  КСЗ (7SA522) ВЛ 220 кВ Приморская ГРЭС-НПС-36
      774  ДЗЛ и КСЗ (7SD522) ВЛ 220 кВ Приморская ГРЭС – НПС-36
      2040  ПРМ/ПРД TEBIT по ВОЛС ВЛ 220 кВ Приморская ГРЭС – НПС-36
      2082  ДЗЛ (7SD522 ) ВЛ 220 кВ Приморская ГРЭС – НПС-36
    243  ВЛ 220 кВ Райчихинская ГРЭС - Архара
      271  ПРД УПК-Ц 164 кГц ВЛ 220 кВ Райчихинская ГРЭС - Архара
      274  ПРМ УПК-Ц 296 кГц ВЛ 220 кВ Райчихинская ГРЭС - Архара
      893  ПРМ УПК-Ц 164 кГц ВЛ 220 кВ Райчихинская ГРЭС - Архара
      894  ПРД УПК-Ц 296 кГц ВЛ 220 кВ Райчихинская ГРЭС - Архара
      899  ВЧБ ВЛ 220 кВ Райчихинская ГРЭС - Архара (ЭПЗ-1643)
      913  КСЗ ВЛ 220 кВ Райчихинская ГРЭС – Архара (ДЗ, ТЗНП, ТО) (ЭПЗ-1636)
    244  ВЛ 220 кВ Райчихинская ГРЭС – Завитая № 1
      272  ПРД/ПРМ ETL 172/196 кГц ВЛ 220 кВ Райчихинская ГРЭС - Завитая № 1
      852  КСЗ+ТУ комплект №1 ВЛ 220 кВ Райчихинская ГРЭС - Завитая № 1 (REL511)
      898  ПРМ/ПРД ETL 172/196 кГц ВЛ 220 кВ Райчихинская ГРЭС - Завитая № 1
      901  КСЗ+ТУ комплект №2 ВЛ 220 кВ Райчихинская ГРЭС - Завитая № 1 (REL511)
      910  КСЗ №2 ВЛ 220 кВ Райчихинская ГРЭС – Завитая №1 (ДЗ, МФТО, ТЗНП) (REL511)
      911  КСЗ №1 ВЛ 220 кВ Райчихинская ГРЭС – Завитая №1 (ДЗ, МФТО, ТЗНП) (REL511)
    245  ВЛ 220 кВ Райчихинская ГРЭС – Завитая № 2
      278  ПРМ/ПРД ETL 420/392 ВЛ 220 кВ Райчихинская ГРЭС - Завитая № 2
      853  КСЗ+ТУ ВЛ 220 кВ Райчихинская ГРЭС - Завитая № 2 комплект №1 (REL511)
      897  ПРД/ПРМ ETL 420/392 ВЛ 220 кВ Райчихинская ГРЭС - Завитая № 2
      900  КСЗ+ТУ  ВЛ 220 кВ Райчихинская ГРЭС - Завитая № 2 комплект №2 (REL511)
      908  КСЗ №2 ВЛ 220 кВ Райчихинская ГРЭС – Завитая №2 (ДЗ, МФТО, ТЗНП) (REL511)
      909  КСЗ №1 ВЛ 220 кВ Райчихинская ГРЭС – Завитая №2 (ДЗ, МФТО, ТЗНП) (REL511)
    246  ВЛ 220 кВ Райчихинская ГРЭС - Ядрин/т с отпайкой на ПС Тарманчукан/т
      854  КСЗ ВЛ 220 кВ Райчихинская ГРЭС - Ядрин/т с отпайкой на ПС Тарманчукан/т (ЭПЗ-1636)
      912  ВЧБ ВЛ 220 кВ Райчихинская ГРЭС - Ядрин/т с отпайкой на ПС Тарманчукан/т (ЭПЗ-1643)
    413  ВЛ 220 кВ Лесозаводск - Свиягино/т с отпайкой на ПС Кировка
    725  ВЛ 220 кВ Аван/т – Бикин/т (Л–231)
    748  ВЛ 220 кВ Аван/т – Розенгартовка/т (Л–232)
    1592  ВЛ 220 кВ Ядрин/т – Облучье
    1715  ВЛ 220 кВ Райчихинская ГРЭС – Архара № 1
      1752  ВЧБ ВЛ 220 кВ Райчихинская ГРЭС - Архара № 1 (ЭПЗ-1643)
      1753  КСЗ ВЛ 220 кВ Райчихинская ГРЭС – Архара № 1 (ДЗ, ТЗНП, ТО) (ЭПЗ-1636)
      1754  ПРД УПК-Ц 572 кГц
      1755  ПРМ УПК-Ц 524 кГц
      2034  ПРД УПК-Ц 524 кГц ВЛ 220 кВ Райчихинская ГРЭС – Архара № 1
      2035  ПРМ УПК-Ц 572 кГц ВЛ 220 кВ Райчихинская ГРЭС – Архара № 1
      2036  Комплект РЗ ВЛ 220 кВ Райчихинская ГРЭС – Архара № 1 (ВЧБ, ДЗ, МФТО, ТЗНП) (БЭ2704-85)
    1716  ВЛ 220 кВ Райчихинская ГРЭС – Архара № 2
      1750  ВЧБ ВЛ 220 кВ Райчихинская ГРЭС - Архара № 2 (ЭПЗ-1643)
      1751  КСЗ ВЛ 220 кВ Райчихинская ГРЭС – Архара № 2 (ДЗ, ТЗНП, ТО) (ЭПЗ-1636)
      2037  Комплект РЗ ВЛ 220 кВ Райчихинская ГРЭС – Архара № 2 (ВЧБ, ДЗ, МФТО, ТЗНП) (БЭ2704-85)
      2038  ПРМ УПК-Ц 164 кГц ВЛ 220 кВ Райчихинская ГРЭС – Архара № 2
      2039  ПРД УПК-Ц 296 кГц ВЛ 220 кВ Райчихинская ГРЭС – Архара № 2
    1756  КВЛ 220 кВ Хабаровская ТЭЦ-3 - Амур (Л-222)
      1757  Комплект РЗ КВЛ 220 кВ Хабаровская ТЭЦ-3 – Амур (ДЗЛ, ДЗ, ТЗНП, МФТО) (ШЭ2607 093)
      1757  Комплект РЗ КВЛ 220 кВ Хабаровская ТЭЦ-3 – Амур (ДЗЛ, ДЗ, ТЗНП, МФТО, ТУ) (ШЭ2607 093)
      1758  ПРД УПК-Ц по ВОЛС КВЛ 220 кВ Хабаровская ТЭЦ-3 – Амур
      1759  ПРМ УПК-Ц по ВОЛС КВЛ 220 кВ Хабаровская ТЭЦ-3 – Амур
      1875  Комплект РЗ КВЛ 220 кВ Хабаровская ТЭЦ-3 – Амур (ДЗЛ, ДЗ, ТЗНП, МФТО) (ШЭ2607 092)
      1879  ПРД УПК-Ц по ВОЛС КВЛ 220 кВ Хабаровская ТЭЦ-3 – Амур
      1880  ПРМ УПК-Ц по ВОЛС КВЛ 220 кВ Хабаровская ТЭЦ-3 – Амур
    1850  ВЛ 220 кВ Хабаровская – Биробиджан №2 с отпайкой на ПС Икура/т (Л–204)
      1855  ВЧБ ВЛ 220 кВ Хабаровская – Биробиджан №2 с отпайкой на
    1851  ВЛ 220 кВ Нижний Куранах – НПС-15 № 2 с отпайкой на ПС НПС-16
      1852  ДЗЛ, КСЗ ВЛ 220 кВ Нижний Куранах – НПС-15 № 2 с отпайкой на ПС НПС-16 (7SD523)
      1853  КСЗ ВЛ 220 кВ Нижний Куранах – НПС-15 № 2 с отпайкой на ПС НПС-16 (ДЗ, МТЗ, ТЗНП) (7SА522)
      1854  ПРД УПК-Ц 360 кГц ВЛ 220 кВ Нижний Куранах – НПС-15 № 2
    1920  ВЛ 220 кВ Февральская – Этеркан
    1921  ВЛ 220 кВ Бурейская ГЭС – Завитая I цепь
    1922  ВЛ 220 кВ Зейская ГЭС – Призейская
    1923  ВЛ 220 кВ Зейская ГЭС – Светлая I цепь с отпайкой на ПС Энергия
    1924  ВЛ 220 кВ Зейская ГЭС – Светлая II цепь с отпайкой на ПС Энергия
    1925  ВЛ 220 кВ Амурская – Белогорск/т с отпайками
    1926  ВЛ 220 кВ Амурская – Благовещенская № 1
    1927  ВЛ 220 кВ Амурская – Благовещенская № 2
    1928  ВЛ 220 кВ Амурская – Короли/т с отпайкой на ПС Белогорск
    1929  ВЛ 220 кВ Амурская – Ледяная
    1930  ВЛ 220 кВ Амурская – Михайло Чесноковская/т I цепь
    1931  ВЛ 220 кВ Амурская – Михайло Чесноковская/т II цепь
    1932  ВЛ 220 кВ Амурская – Новокиевка
    1933  ВЛ 220 кВ Амурская – Шимановск/т с отпайкой на ПС Ледяная/т
    1934  ВЛ 220 кВ Архара – Облучье с отпайкой на ПС Тарманчукан/т
    1935  ВЛ 220 кВ Завитая – Варваровка
    1936  ВЛ 220 кВ Белогорск/т – Завитая с отпайкой на ПС Хвойная
    1937  ВЛ 220 кВ Завитая – Завитая/т I цепь
    1938  ВЛ 220 кВ Завитая – Завитая/т II цепь
    1939  ВЛ 220 кВ Короли/т – Завитая с отпайкой на ПС Хвойная
    1940  ВЛ 220 кВ Шимановск – Ледяная с отпайкой на ПС Ледяная/т
    1941  ВЛ 220 кВ Новокиевка – Февральская с отпайкой на ПС Уландочка
    1942  ВЛ 220 кВ Февральская – Тунгала
    1943  ВЛ 220 кВ Мухинская/т – Шимановск
    1944  ВЛ 220 кВ Сиваки – Мухинская/т с отпайкой на ПС Сиваки/т
    1945  ВЛ 220 кВ Мухинская/т – Шимановск/т
    1946  ВЛ 220 кВ Дипкун – Тутаул
    1947  ВЛ 220 кВ Ключевая – Сиваки
    1948  ВЛ 220 кВ Ключевая – Сулус/т
    1949  ВЛ 220 кВ Ключевая – Чалганы/т
    1950  ВЛ 220 кВ Светлая – Ключевая
    1951  ВЛ 220 кВ Магдагачи – Гонжа/т
    1952  ВЛ 220 кВ Сулус/т – Магдагачи
    1953  ВЛ 220 кВ Магдагачи – Ульручьи/т с отпайкой на ПС Талдан/т
    1954  ВЛ 220 кВ Призейская – Тунгала
    1955  ВЛ 220 кВ Призейская – Тутаул
    1956  ВЛ 220 кВ Сковородино – Сковородино/т I цепь
    1957  ВЛ 220 кВ Сковородино – Сковородино/т II цепь
    1958  ВЛ 220 кВ Гонжа/т – Сковородино с отпайкой на ПС Талдан/т
    1959  ВЛ 220 кВ Ульручьи/т – Сковородино
    1960  ВЛ 220 кВ Сковородино – Уруша/т
    1961  ВЛ 220 Амазар – Аячи/т (ВЛ-226)
    1962  ВЛ 220 кВ БАМ/т – Большая Омутная/т
    1963  ВЛ 220 кВ Большая Омутная/т – Ерофей Павлович/т
    1964  ВЛ 220 кВ Уруша/т – Ерофей Павлович/т
    1965  ВЛ 220 кВ Благовещенская – Айгунь I цепь
    1966  ВЛ 220 кВ Благовещенская – Айгунь II цепь
    1967  ВЛ 220 кВ Лопча – Юктали
    1968  ВЛ 220 кВ Хорогочи – Лопча
    1969  ВЛ 220 кВ Хани – Чара (БД-75)
    1970  ВЛ 220 кВ Юктали – Хани с отпайкой на ПС Олёкма
    1971  ВЛ 220 кВ Ерофей Павлович/т – Аячи/т (ВЛ-220-01)
    1972  ВЛ 220 кВ Ерофей Павлович/т – Чичатка (ВЛ-220-02)
    1973  ВЛ 220 кВ Ключевая – Магдагачи
    1974  ВЛ 220 кВ НПС-24 – Чалганы/т с отпайкой на ПС Сиваки/т
    1975  ВЛ 220 кВ Мухинская/т – НПС-24
    1976  ВЛ 220 кВ НПС-18 – Нижний Куранах № 1 с отпайкой на ПС НПС-17
    1977  ВЛ 220 кВ НПС-18 – Нижний Куранах № 2 с отпайкой на ПС НПС-17
    1978  ВЛ 220 кВ Зейская ГЭС – Магдагачи
    1979  ВЛ 220 кВ Бурейская ГЭС – Талакан № 1 с отпайкой на ПС Куруктачи
    1980  ВЛ 220 кВ Бурейская ГЭС – Талакан № 2 с отпайкой на ПС Куруктачи
    1981  КВЛ 220 кВ Ледяная – ГПП
    1982  ВЛ 220 кВ Нижний Куранах – НПС-15 № 1 с отпайкой на ПС НПС-16
    1983  ВЛ 220 кВ Бурейская ГЭС – Завитая II цепь
    1984  ВЛ 220 кВ Благовещенская – Варваровка
    1985  КВЛ 220 кВ Тында – Хорогочи
    1986  КВЛ 220 кВ Тында – Дипкун
    1987  КВЛ 220 кВ Ледяная – Восточная № 1
    1988  КВЛ 220 кВ Ледяная – Восточная № 2
    1989  КВЛ 220 кВ Сковородино – Тында № 1
    1990  КВЛ 220 кВ Сковородино – Тында № 2
    1991  ВЛ 220 кВ Сковородино – БАМ/т
    1992  КВЛ 220 кВ Нижне-Бурейская ГЭС – Архара
    1993  ВЛ 220 кВ Архара – Ядрин/т с отпайкой на ПС Тарманчукан/т
    1994  КВЛ 220 кВ Нижний Куранах – Майя
    1995  КВЛ 220 кВ Нижне-Бурейская ГЭС – Завитая с отпайкой на ПС Створ
    1996  КВЛ 220 кВ Нижне-Бурейская ГЭС – НПС-29
    1997  ВЛ 220 кВ Архара – НПС-29
    1998  ВЛ 220 кВ Февральская – Рудная
    1999  ВЛ 220 кВ Призейская – Эльгауголь № 1
    2000  ВЛ 220 кВ Призейская – Эльгауголь № 2
    2001  КВЛ 220 кВ Нижний Куранах - Томмот I цепь
    2002  КВЛ 220 кВ Томмот – Майя I цепь
    2003  КВЛ 220 кВ Томмот – Майя II цепь
    2042  ВЛ 220 кВ НПС-38 – Лесозаводск
      2043  ДЗЛ (7SD522) ВЛ 220 кВ Приморская ГРЭС – НПС-38
    2281  ВЛ 220 кВ Владивосток – Зелёный угол
      2282  ДЗЛ и КСЗ (ШЭ2607091)
  17  Линии электропередачи 220 кВ
    18  ВЛ 220 кВ Артёмовская ТЭЦ – Береговая-2
      497  ПРМ УПК-Ц 280 кГц
      498  ПРД УПК-Ц 204 кГц
      627  КСЗ (ЭПЗ-1636)
      1803  ПРД УПК-Ц 280 кГц ВЛ 220 кВ Артемовская ТЭЦ - Береговая - 2
      2284  ПРМ УПК-Ц 204 кГц
    19  ВЛ 220 кВ Артёмовская ТЭЦ – Владивостокская ТЭЦ-2
      495  ПРД УПК-Ц 464 кГц
      496  ПРМ УПК-Ц 372 кГц
      504  ПРМ УПК-Ц 464 кГц
      505  ПРД УПК-Ц 372 кГц ВЛ 220 кВ АТЭЦ – ВТЭЦ-2
      572  КСЗ (ЭПЗ-1636)
      573  КСЗ (ЭПЗ-1636)
      693  РАСП (ФПМ) ВЛ 220 кВ Артёмовская ТЭЦ  - Владивостокская ТЭЦ-2
      1916  ДФЗ (ДФЗ-201)
      1917  ДФЗ (ДФЗ-201)
    36  КВЛ 220 кВ Артёмовская ТЭЦ – Аэропорт
      499  ПРД/ПРМ PBS по ВОЛС
      515  ПРМ/ПРД PBS по ВОЛС КВЛ 220 кВ Артемовская ТЭЦ – Аэропорт
      581  ДЗЛ (7SD522) КВЛ 220 кВ Артемовская ТЭЦ – Аэропорт
      582  КСЗ (7SA522)
      2051  ДЗЛ (7SD522) 
    84  КВЛ 220 кВ Владивостокская ТЭЦ-2 – Зелёный угол
      524  ПРД/ПРМ PBS по ВОЛС КВЛ 220 кВ Владивостокская ТЭЦ-2 – Зелёный угол
      575  ДЗЛ и КСЗ (ШЭ2607093) КВЛ 220 кВ Владивостокская ТЭЦ-2 – Зелёный угол
      640  КСЗ (ШЭ2607021) КВЛ 220 кВ Владивостокская ТЭЦ-2 – Зелёный угол
      694  РАСП (ИМФ)
      2062  ПРД/ПРМ PBS по ВОЛС КВЛ 220 кВ Владивостокская ТЭЦ-2 – Зелёный угол
      2145  ПРД/ПРМ PBS по ВОЛС КВЛ 220 кВ Владивостокская ТЭЦ-2 – Зелёный угол
      2283  ДЗЛ и КСЗ (ШЭ2607091) КВЛ 220 кВ Владивостокская ТЭЦ-2 – Зелёный угол
    135  КВЛ 220 кВ Нерюнгринская ГРЭС – Тында с отпайкой на ПС НПС-19
      838  ДФЗ, КСЗ КВЛ 220 кВ Нерюнгринская ГРЭС - Тында  I цепь (ШЭ2607-085)
      1434  КСЗ КВЛ 220 кВ Нерюнгринская ГРЭС – Тында с отпайкой на ПС НПС-19 (ДЗ, ТЗНП, МФТО) (ЭПЗ-1636)
      1434  КСЗ КВЛ 220 кВ Нерюнгринская ГРЭС – Тында I цепь с отпайкой на ПС НПС-19 (ДЗ, ТЗНП, МФТО) (ЭПЗ-1636)
      1434  КСЗ КВЛ 220 кВ Нерюнгринская ГРЭС – Тында с отпайкой на ПС НПС-19 (ДЗ, ТЗНП, МФТО) (ЭПЗ-1636)
      1466  ДФЗ КВЛ 220 кВ Нерюнгринская ГРЭС – Тында отпайкой на ПС НПС-19 (ДФЗ-201)
      1466  ДФЗ КВЛ 220 кВ Нерюнгринская ГРЭС – Тында I цепь с отпайкой на ПС НПС-19 (ДФЗ-201)
      1466  ДФЗ КВЛ 220 кВ Нерюнгринская ГРЭС – Тында отпайкой на ПС НПС-19 (ДФЗ-201)
    135  КВЛ 220 кВ Нерюнгринская ГРЭС – Тында I цепь с отпайкой на ПС НПС-19
      838  ДФЗ, КСЗ КВЛ 220 кВ Нерюнгринская ГРЭС - Тында  I цепь (ШЭ2607-085)
      1434  КСЗ КВЛ 220 кВ Нерюнгринская ГРЭС – Тында с отпайкой на ПС НПС-19 (ДЗ, ТЗНП, МФТО) (ЭПЗ-1636)
      1434  КСЗ КВЛ 220 кВ Нерюнгринская ГРЭС – Тында I цепь с отпайкой на ПС НПС-19 (ДЗ, ТЗНП, МФТО) (ЭПЗ-1636)
      1434  КСЗ КВЛ 220 кВ Нерюнгринская ГРЭС – Тында с отпайкой на ПС НПС-19 (ДЗ, ТЗНП, МФТО) (ЭПЗ-1636)
      1466  ДФЗ КВЛ 220 кВ Нерюнгринская ГРЭС – Тында отпайкой на ПС НПС-19 (ДФЗ-201)
      1466  ДФЗ КВЛ 220 кВ Нерюнгринская ГРЭС – Тында I цепь с отпайкой на ПС НПС-19 (ДФЗ-201)
      1466  ДФЗ КВЛ 220 кВ Нерюнгринская ГРЭС – Тында отпайкой на ПС НПС-19 (ДФЗ-201)
    135  КВЛ 220 кВ Нерюнгринская ГРЭС – Тында с отпайкой на ПС НПС-19
      838  ДФЗ, КСЗ КВЛ 220 кВ Нерюнгринская ГРЭС - Тында  I цепь (ШЭ2607-085)
      1434  КСЗ КВЛ 220 кВ Нерюнгринская ГРЭС – Тында с отпайкой на ПС НПС-19 (ДЗ, ТЗНП, МФТО) (ЭПЗ-1636)
      1434  КСЗ КВЛ 220 кВ Нерюнгринская ГРЭС – Тында I цепь с отпайкой на ПС НПС-19 (ДЗ, ТЗНП, МФТО) (ЭПЗ-1636)
      1434  КСЗ КВЛ 220 кВ Нерюнгринская ГРЭС – Тында с отпайкой на ПС НПС-19 (ДЗ, ТЗНП, МФТО) (ЭПЗ-1636)
      1466  ДФЗ КВЛ 220 кВ Нерюнгринская ГРЭС – Тында отпайкой на ПС НПС-19 (ДФЗ-201)
      1466  ДФЗ КВЛ 220 кВ Нерюнгринская ГРЭС – Тында I цепь с отпайкой на ПС НПС-19 (ДФЗ-201)
      1466  ДФЗ КВЛ 220 кВ Нерюнгринская ГРЭС – Тында отпайкой на ПС НПС-19 (ДФЗ-201)
    136  ВЛ 220 кВ Нерюнгринская ГРЭС – НПС-18 № 2
      836  КСЗ+ТУ ВЛ 220 кВ Нерюнгринская ГРЭС – НПС-18 №2 (7SA522)
      837  ДЗЛ, КСЗ+ТУ ВЛ 220 кВ Нерюнгринская ГРЭС – НПС-18 №2 (7SD522)
      1437  ПРД/ПРМ ETL 24/28 кГц ВЛ 220 кВ Нерюнгринская ГРЭС – НПС-18 № 2
      1440  КСЗ ВЛ 220 кВ Нерюнгринская ГРЭС – НПС-18 №2 (ДЗ, ТЗНП, МТЗ, МФТО, ТУ) (7SA522)
      1442  ПРД/ПРМ PBS по ВОЛС ВЛ 220 кВ Нерюнгринская ГРЭС – НПС-18 № 2
      1450  ДЗЛ, КСЗ+ТУ ВЛ 220 кВ Нерюнгринская ГРЭС – НПС-18 № 2 (ДЗЛ, ТУ, ДЗ, ТЗНП, МТЗ, МФТО) (7SD522)
      1450  Комплект РЗ ВЛ 220 кВ Нерюнгринская ГРЭС – НПС-18 № 2 (ДЗЛ, ТУ, ДЗ, ТЗНП, МТЗ, МФТО) (7SD522)
      1910  ПРМ/ПРД ETL 24/28 кГц ВЛ 220 кВ Нерюнгринская ГРЭС – НПС-18 №2
      1911  ПРМ/ПРД PBS по ВОЛС ВЛ 220 кВ Нерюнгринская ГРЭС – НПС-18 №2
    137  ВЛ 220 кВ Нерюнгринская ГРЭС – НПС-18 № 1
      834  КСЗ+ТУ ВЛ 220 кВ Нерюнгринская ГРЭС – НПС-18 №1 (7SA522)
      835  ДЗЛ, КСЗ+ТУ ВЛ 220 кВ Нерюнгринская ГРЭС – НПС-18 №1 (7SD522)
      1443  ПРД/ПРМ PBS по ВОЛС ВЛ 220 кВ Нерюнгринская ГРЭС – НПС-18 № 1
      1443  ПРД/ПРМ PBS по ВОЛС ВЛ 220 кВ Нерюнгринская ГРЭС – НПС-18 
      1467  ДЗЛ, КСЗ+ТУ ВЛ 220 кВ Нерюнгринская ГРЭС – НПС-18 № 1 (ДЗЛ, ТУ, ДЗ, ТЗНП, МТЗ, МФТО) (7SD522)
      1467  Комплект РЗ ВЛ 220 кВ Нерюнгринская ГРЭС – НПС-18 № 1 (ДЗЛ, ТУ, ДЗ, ТЗНП, МТЗ, МФТО) (7SD522)
      1470  ПРД/ПРМ ETL 312/316 кГц ВЛ 220 кВ Нерюнгринская ГРЭС – НПС-18 № 1
      1470  ПРД/ПРМ ETL 312/316 кГц ВЛ 220 кВ Нерюнгринская ГРЭС – НПС-18 
      1489  КСЗ ВЛ 220 кВ Нерюнгринская ГРЭС – НПС-18 №1 (ДЗ, ТЗНП, МФТО, ТУ) (ЭПЗ-1636М)
      1908  ПРМ/ПРД ETL 312/316 кГц ВЛ 220 кВ Нерюнгринская ГРЭС – НПС-18 №1
      1908  ПРМ/ПРД ETL 312/316 кГц ВЛ 220 кВ Нерюнгринская ГРЭС – НПС-18
      1909  ПРМ/ПРД PBS по ВОЛС ВЛ 220 кВ Нерюнгринская ГРЭС – НПС-18 №1
      1909  ПРМ/ПРД PBS по ВОЛС ВЛ 220 кВ Нерюнгринская ГРЭС – НПС-18 
    137  ВЛ 220 кВ Нерюнгринская ГРЭС – НПС-18
      834  КСЗ+ТУ ВЛ 220 кВ Нерюнгринская ГРЭС – НПС-18 №1 (7SA522)
      835  ДЗЛ, КСЗ+ТУ ВЛ 220 кВ Нерюнгринская ГРЭС – НПС-18 №1 (7SD522)
      1443  ПРД/ПРМ PBS по ВОЛС ВЛ 220 кВ Нерюнгринская ГРЭС – НПС-18 № 1
      1443  ПРД/ПРМ PBS по ВОЛС ВЛ 220 кВ Нерюнгринская ГРЭС – НПС-18 
      1467  ДЗЛ, КСЗ+ТУ ВЛ 220 кВ Нерюнгринская ГРЭС – НПС-18 № 1 (ДЗЛ, ТУ, ДЗ, ТЗНП, МТЗ, МФТО) (7SD522)
      1467  Комплект РЗ ВЛ 220 кВ Нерюнгринская ГРЭС – НПС-18 № 1 (ДЗЛ, ТУ, ДЗ, ТЗНП, МТЗ, МФТО) (7SD522)
      1470  ПРД/ПРМ ETL 312/316 кГц ВЛ 220 кВ Нерюнгринская ГРЭС – НПС-18 № 1
      1470  ПРД/ПРМ ETL 312/316 кГц ВЛ 220 кВ Нерюнгринская ГРЭС – НПС-18 
      1489  КСЗ ВЛ 220 кВ Нерюнгринская ГРЭС – НПС-18 №1 (ДЗ, ТЗНП, МФТО, ТУ) (ЭПЗ-1636М)
      1908  ПРМ/ПРД ETL 312/316 кГц ВЛ 220 кВ Нерюнгринская ГРЭС – НПС-18 №1
      1908  ПРМ/ПРД ETL 312/316 кГц ВЛ 220 кВ Нерюнгринская ГРЭС – НПС-18
      1909  ПРМ/ПРД PBS по ВОЛС ВЛ 220 кВ Нерюнгринская ГРЭС – НПС-18 №1
      1909  ПРМ/ПРД PBS по ВОЛС ВЛ 220 кВ Нерюнгринская ГРЭС – НПС-18 
    150  ВЛ 220 кВ Приморская ГРЭС – Бикин/т
      188  ПРД УПК-Ц 256 кГц ВЛ 220 кВ Приморская ГРЭС – Бикин/т
      189  ПРM УПК-Ц 340 кГц ВЛ 220 кВ Приморская ГРЭС – Бикин/т
      525  КСЗ (ШДЭ-2801 рез) ВЛ 220 кВ Приморская ГРЭС – Бикин/т
      526  КСЗ (ШДЭ-2801 осн) ВЛ 220 кВ Приморская ГРЭС – Бикин/т
    151  ВЛ 220 кВ Приморская ГРЭС – Розенгартовка/т
      194  ПРМ УПК-Ц 232 кГц ВЛ 220 кВ Приморская ГРЭС – Розенгартовка/т
      195  ПРД УПК-Ц 164 кГц ВЛ 220 кВ Приморская ГРЭС – Розенгартовка/т
      527  КСЗ (ШДЭ-2801 рез) ВЛ 220 кВ Приморская ГРЭС – Розенгартовка/т
      528  КСЗ (ШДЭ-2801 осн) ВЛ 220 кВ Приморская ГРЭС – Розенгартовка/т
      2033  ПРМ УПК-Ц 164 кГц ВЛ 220 кВ Приморская ГРЭС – Розенгартовка/т
    171  ВЛ 220 кВ Приморская ГРЭС – Губерово/т
      557  КСЗ (ШДЭ-2801 осн) ВЛ 220 кВ Приморская ГРЭС – Губерово/т
      559  КСЗ (ШДЭ-2801 рез) ВЛ 220 кВ Приморская ГРЭС – Губерово/т
      580  ПРМ УПК-Ц 228 кГц ВЛ 220 кВ Приморская ГРЭС – Губерово/т
      712  ПРД УПК-Ц 244 кГц ВЛ 220 кВ Приморская ГРЭС – Губерово/т
      1843  ПРД УПК-Ц 228 кГц
      1844  ПРМ УПК-Ц 244 кГц
    172  ВЛ 220 кВ Приморская ГРЭС – Лесозаводск с отпайкой на ПС Иман
      488  ПРМ УПК-Ц 192 кГц  ВЛ 220 кВ Приморская ГРЭС - Лесозаводск с отпайкой на ПС Иман
      556  КСЗ (ШДЭ-2801 осн) ВЛ 220 кВ Приморская ГРЭС - Лесозаводск с отпайкой на ПС Иман
      558  КСЗ (ШДЭ-2801 рез) ВЛ 220 кВ Приморская ГРЭС - Лесозаводск с отпайкой на ПС Иман
      717  ПРД УПК-Ц 172 кГц ВЛ 220 кВ Приморская ГРЭС – Лесозаводск с отпайкой на ПС Иман
      2152  ПРM УПК-Ц 172 кГц ВЛ 220 кВ Приморская ГРЭС – Лесозаводск с отпайкой на ПС Иман
    196  ВЛ 220 кВ Приморская ГРЭС – НПС-38
      703  ДЗЛ и КСЗ (7SD522) ВЛ 220 кВ Приморская ГРЭС – НПС-38
      704  КСЗ (7SA522) ВЛ 220 кВ Приморская ГРЭС – НПС-38
      713  ПРД УПК-Ц 160 кГц ВЛ 220 кВ Приморская ГРЭС – НПС-38
      714  ПРМ УПК-Ц 148 кГц ВЛ 220 кВ Приморская ГРЭС – НПС-38
      715  ПРД/ПРМ PBS по ВОЛС ВЛ 220 кВ Приморская ГРЭС – НПС-38
      2041  ДЗЛ (7SD522) ВЛ 220 кВ Приморская ГРЭС – НПС-38
      2153  ПРД УПК-Ц 148 кГц ВЛ 220 кВ Приморская ГРЭС – НПС-38
      2154  ПРМ УПК-Ц 160 кГц ВЛ 220 кВ Приморская ГРЭС – НПС-38
    197  ВЛ 220 кВ Приморская ГРЭС – НПС-36 (Л-236)
      227  ПРМ УПК-Ц 284 кГц ВЛ 220 кВ Приморская ГРЭС – НПС-36
      228  ПРД УПК-Ц 272 кГц ВЛ 220 кВ Приморская ГРЭС – НПС-36
      230  ПРД/ПРМ TEBIT по ВОЛС ВЛ 220 кВ Приморская ГРЭС – НПС-36
      702  КСЗ (7SA522) ВЛ 220 кВ Приморская ГРЭС-НПС-36
      774  ДЗЛ и КСЗ (7SD522) ВЛ 220 кВ Приморская ГРЭС – НПС-36
      2040  ПРМ/ПРД TEBIT по ВОЛС ВЛ 220 кВ Приморская ГРЭС – НПС-36
      2082  ДЗЛ (7SD522 ) ВЛ 220 кВ Приморская ГРЭС – НПС-36
    243  ВЛ 220 кВ Райчихинская ГРЭС - Архара
      271  ПРД УПК-Ц 164 кГц ВЛ 220 кВ Райчихинская ГРЭС - Архара
      274  ПРМ УПК-Ц 296 кГц ВЛ 220 кВ Райчихинская ГРЭС - Архара
      893  ПРМ УПК-Ц 164 кГц ВЛ 220 кВ Райчихинская ГРЭС - Архара
      894  ПРД УПК-Ц 296 кГц ВЛ 220 кВ Райчихинская ГРЭС - Архара
      899  ВЧБ ВЛ 220 кВ Райчихинская ГРЭС - Архара (ЭПЗ-1643)
      913  КСЗ ВЛ 220 кВ Райчихинская ГРЭС – Архара (ДЗ, ТЗНП, ТО) (ЭПЗ-1636)
    244  ВЛ 220 кВ Райчихинская ГРЭС – Завитая № 1
      272  ПРД/ПРМ ETL 172/196 кГц ВЛ 220 кВ Райчихинская ГРЭС - Завитая № 1
      852  КСЗ+ТУ комплект №1 ВЛ 220 кВ Райчихинская ГРЭС - Завитая № 1 (REL511)
      898  ПРМ/ПРД ETL 172/196 кГц ВЛ 220 кВ Райчихинская ГРЭС - Завитая № 1
      901  КСЗ+ТУ комплект №2 ВЛ 220 кВ Райчихинская ГРЭС - Завитая № 1 (REL511)
      910  КСЗ №2 ВЛ 220 кВ Райчихинская ГРЭС – Завитая №1 (ДЗ, МФТО, ТЗНП) (REL511)
      911  КСЗ №1 ВЛ 220 кВ Райчихинская ГРЭС – Завитая №1 (ДЗ, МФТО, ТЗНП) (REL511)
    245  ВЛ 220 кВ Райчихинская ГРЭС – Завитая № 2
      278  ПРМ/ПРД ETL 420/392 ВЛ 220 кВ Райчихинская ГРЭС - Завитая № 2
      853  КСЗ+ТУ ВЛ 220 кВ Райчихинская ГРЭС - Завитая № 2 комплект №1 (REL511)
      897  ПРД/ПРМ ETL 420/392 ВЛ 220 кВ Райчихинская ГРЭС - Завитая № 2
      900  КСЗ+ТУ  ВЛ 220 кВ Райчихинская ГРЭС - Завитая № 2 комплект №2 (REL511)
      908  КСЗ №2 ВЛ 220 кВ Райчихинская ГРЭС – Завитая №2 (ДЗ, МФТО, ТЗНП) (REL511)
      909  КСЗ №1 ВЛ 220 кВ Райчихинская ГРЭС – Завитая №2 (ДЗ, МФТО, ТЗНП) (REL511)
    246  ВЛ 220 кВ Райчихинская ГРЭС - Ядрин/т с отпайкой на ПС Тарманчукан/т
      854  КСЗ ВЛ 220 кВ Райчихинская ГРЭС - Ядрин/т с отпайкой на ПС Тарманчукан/т (ЭПЗ-1636)
      912  ВЧБ ВЛ 220 кВ Райчихинская ГРЭС - Ядрин/т с отпайкой на ПС Тарманчукан/т (ЭПЗ-1643)
    413  ВЛ 220 кВ Лесозаводск - Свиягино/т с отпайкой на ПС Кировка
    725  ВЛ 220 кВ Аван/т – Бикин/т (Л–231)
    748  ВЛ 220 кВ Аван/т – Розенгартовка/т (Л–232)
    1592  ВЛ 220 кВ Ядрин/т – Облучье
    1715  ВЛ 220 кВ Райчихинская ГРЭС – Архара № 1
      1752  ВЧБ ВЛ 220 кВ Райчихинская ГРЭС - Архара № 1 (ЭПЗ-1643)
      1753  КСЗ ВЛ 220 кВ Райчихинская ГРЭС – Архара № 1 (ДЗ, ТЗНП, ТО) (ЭПЗ-1636)
      1754  ПРД УПК-Ц 572 кГц
      1755  ПРМ УПК-Ц 524 кГц
      2034  ПРД УПК-Ц 524 кГц ВЛ 220 кВ Райчихинская ГРЭС – Архара № 1
      2035  ПРМ УПК-Ц 572 кГц ВЛ 220 кВ Райчихинская ГРЭС – Архара № 1
      2036  Комплект РЗ ВЛ 220 кВ Райчихинская ГРЭС – Архара № 1 (ВЧБ, ДЗ, МФТО, ТЗНП) (БЭ2704-85)
    1716  ВЛ 220 кВ Райчихинская ГРЭС – Архара № 2
      1750  ВЧБ ВЛ 220 кВ Райчихинская ГРЭС - Архара № 2 (ЭПЗ-1643)
      1751  КСЗ ВЛ 220 кВ Райчихинская ГРЭС – Архара № 2 (ДЗ, ТЗНП, ТО) (ЭПЗ-1636)
      2037  Комплект РЗ ВЛ 220 кВ Райчихинская ГРЭС – Архара № 2 (ВЧБ, ДЗ, МФТО, ТЗНП) (БЭ2704-85)
      2038  ПРМ УПК-Ц 164 кГц ВЛ 220 кВ Райчихинская ГРЭС – Архара № 2
      2039  ПРД УПК-Ц 296 кГц ВЛ 220 кВ Райчихинская ГРЭС – Архара № 2
    1756  КВЛ 220 кВ Хабаровская ТЭЦ-3 - Амур (Л-222)
      1757  Комплект РЗ КВЛ 220 кВ Хабаровская ТЭЦ-3 – Амур (ДЗЛ, ДЗ, ТЗНП, МФТО) (ШЭ2607 093)
      1757  Комплект РЗ КВЛ 220 кВ Хабаровская ТЭЦ-3 – Амур (ДЗЛ, ДЗ, ТЗНП, МФТО, ТУ) (ШЭ2607 093)
      1758  ПРД УПК-Ц по ВОЛС КВЛ 220 кВ Хабаровская ТЭЦ-3 – Амур
      1759  ПРМ УПК-Ц по ВОЛС КВЛ 220 кВ Хабаровская ТЭЦ-3 – Амур
      1875  Комплект РЗ КВЛ 220 кВ Хабаровская ТЭЦ-3 – Амур (ДЗЛ, ДЗ, ТЗНП, МФТО) (ШЭ2607 092)
      1879  ПРД УПК-Ц по ВОЛС КВЛ 220 кВ Хабаровская ТЭЦ-3 – Амур
      1880  ПРМ УПК-Ц по ВОЛС КВЛ 220 кВ Хабаровская ТЭЦ-3 – Амур
    1850  ВЛ 220 кВ Хабаровская – Биробиджан №2 с отпайкой на ПС Икура/т (Л–204)
      1855  ВЧБ ВЛ 220 кВ Хабаровская – Биробиджан №2 с отпайкой на
    1851  ВЛ 220 кВ Нижний Куранах – НПС-15 № 2 с отпайкой на ПС НПС-16
      1852  ДЗЛ, КСЗ ВЛ 220 кВ Нижний Куранах – НПС-15 № 2 с отпайкой на ПС НПС-16 (7SD523)
      1853  КСЗ ВЛ 220 кВ Нижний Куранах – НПС-15 № 2 с отпайкой на ПС НПС-16 (ДЗ, МТЗ, ТЗНП) (7SА522)
      1854  ПРД УПК-Ц 360 кГц ВЛ 220 кВ Нижний Куранах – НПС-15 № 2
    1920  ВЛ 220 кВ Февральская – Этеркан
    1921  ВЛ 220 кВ Бурейская ГЭС – Завитая I цепь
    1922  ВЛ 220 кВ Зейская ГЭС – Призейская
    1923  ВЛ 220 кВ Зейская ГЭС – Светлая I цепь с отпайкой на ПС Энергия
    1924  ВЛ 220 кВ Зейская ГЭС – Светлая II цепь с отпайкой на ПС Энергия
    1925  ВЛ 220 кВ Амурская – Белогорск/т с отпайками
    1926  ВЛ 220 кВ Амурская – Благовещенская № 1
    1927  ВЛ 220 кВ Амурская – Благовещенская № 2
    1928  ВЛ 220 кВ Амурская – Короли/т с отпайкой на ПС Белогорск
    1929  ВЛ 220 кВ Амурская – Ледяная
    1930  ВЛ 220 кВ Амурская – Михайло Чесноковская/т I цепь
    1931  ВЛ 220 кВ Амурская – Михайло Чесноковская/т II цепь
    1932  ВЛ 220 кВ Амурская – Новокиевка
    1933  ВЛ 220 кВ Амурская – Шимановск/т с отпайкой на ПС Ледяная/т
    1934  ВЛ 220 кВ Архара – Облучье с отпайкой на ПС Тарманчукан/т
    1935  ВЛ 220 кВ Завитая – Варваровка
    1936  ВЛ 220 кВ Белогорск/т – Завитая с отпайкой на ПС Хвойная
    1937  ВЛ 220 кВ Завитая – Завитая/т I цепь
    1938  ВЛ 220 кВ Завитая – Завитая/т II цепь
    1939  ВЛ 220 кВ Короли/т – Завитая с отпайкой на ПС Хвойная
    1940  ВЛ 220 кВ Шимановск – Ледяная с отпайкой на ПС Ледяная/т
    1941  ВЛ 220 кВ Новокиевка – Февральская с отпайкой на ПС Уландочка
    1942  ВЛ 220 кВ Февральская – Тунгала
    1943  ВЛ 220 кВ Мухинская/т – Шимановск
    1944  ВЛ 220 кВ Сиваки – Мухинская/т с отпайкой на ПС Сиваки/т
    1945  ВЛ 220 кВ Мухинская/т – Шимановск/т
    1946  ВЛ 220 кВ Дипкун – Тутаул
    1947  ВЛ 220 кВ Ключевая – Сиваки
    1948  ВЛ 220 кВ Ключевая – Сулус/т
    1949  ВЛ 220 кВ Ключевая – Чалганы/т
    1950  ВЛ 220 кВ Светлая – Ключевая
    1951  ВЛ 220 кВ Магдагачи – Гонжа/т
    1952  ВЛ 220 кВ Сулус/т – Магдагачи
    1953  ВЛ 220 кВ Магдагачи – Ульручьи/т с отпайкой на ПС Талдан/т
    1954  ВЛ 220 кВ Призейская – Тунгала
    1955  ВЛ 220 кВ Призейская – Тутаул
    1956  ВЛ 220 кВ Сковородино – Сковородино/т I цепь
    1957  ВЛ 220 кВ Сковородино – Сковородино/т II цепь
    1958  ВЛ 220 кВ Гонжа/т – Сковородино с отпайкой на ПС Талдан/т
    1959  ВЛ 220 кВ Ульручьи/т – Сковородино
    1960  ВЛ 220 кВ Сковородино – Уруша/т
    1961  ВЛ 220 Амазар – Аячи/т (ВЛ-226)
    1962  ВЛ 220 кВ БАМ/т – Большая Омутная/т
    1963  ВЛ 220 кВ Большая Омутная/т – Ерофей Павлович/т
    1964  ВЛ 220 кВ Уруша/т – Ерофей Павлович/т
    1965  ВЛ 220 кВ Благовещенская – Айгунь I цепь
    1966  ВЛ 220 кВ Благовещенская – Айгунь II цепь
    1967  ВЛ 220 кВ Лопча – Юктали
    1968  ВЛ 220 кВ Хорогочи – Лопча
    1969  ВЛ 220 кВ Хани – Чара (БД-75)
    1970  ВЛ 220 кВ Юктали – Хани с отпайкой на ПС Олёкма
    1971  ВЛ 220 кВ Ерофей Павлович/т – Аячи/т (ВЛ-220-01)
    1972  ВЛ 220 кВ Ерофей Павлович/т – Чичатка (ВЛ-220-02)
    1973  ВЛ 220 кВ Ключевая – Магдагачи
    1974  ВЛ 220 кВ НПС-24 – Чалганы/т с отпайкой на ПС Сиваки/т
    1975  ВЛ 220 кВ Мухинская/т – НПС-24
    1976  ВЛ 220 кВ НПС-18 – Нижний Куранах № 1 с отпайкой на ПС НПС-17
    1977  ВЛ 220 кВ НПС-18 – Нижний Куранах № 2 с отпайкой на ПС НПС-17
    1978  ВЛ 220 кВ Зейская ГЭС – Магдагачи
    1979  ВЛ 220 кВ Бурейская ГЭС – Талакан № 1 с отпайкой на ПС Куруктачи
    1980  ВЛ 220 кВ Бурейская ГЭС – Талакан № 2 с отпайкой на ПС Куруктачи
    1981  КВЛ 220 кВ Ледяная – ГПП
    1982  ВЛ 220 кВ Нижний Куранах – НПС-15 № 1 с отпайкой на ПС НПС-16
    1983  ВЛ 220 кВ Бурейская ГЭС – Завитая II цепь
    1984  ВЛ 220 кВ Благовещенская – Варваровка
    1985  КВЛ 220 кВ Тында – Хорогочи
    1986  КВЛ 220 кВ Тында – Дипкун
    1987  КВЛ 220 кВ Ледяная – Восточная № 1
    1988  КВЛ 220 кВ Ледяная – Восточная № 2
    1989  КВЛ 220 кВ Сковородино – Тында № 1
    1990  КВЛ 220 кВ Сковородино – Тында № 2
    1991  ВЛ 220 кВ Сковородино – БАМ/т
    1992  КВЛ 220 кВ Нижне-Бурейская ГЭС – Архара
    1993  ВЛ 220 кВ Архара – Ядрин/т с отпайкой на ПС Тарманчукан/т
    1994  КВЛ 220 кВ Нижний Куранах – Майя
    1995  КВЛ 220 кВ Нижне-Бурейская ГЭС – Завитая с отпайкой на ПС Створ
    1996  КВЛ 220 кВ Нижне-Бурейская ГЭС – НПС-29
    1997  ВЛ 220 кВ Архара – НПС-29
    1998  ВЛ 220 кВ Февральская – Рудная
    1999  ВЛ 220 кВ Призейская – Эльгауголь № 1
    2000  ВЛ 220 кВ Призейская – Эльгауголь № 2
    2001  КВЛ 220 кВ Нижний Куранах - Томмот I цепь
    2002  КВЛ 220 кВ Томмот – Майя I цепь
    2003  КВЛ 220 кВ Томмот – Майя II цепь
    2042  ВЛ 220 кВ НПС-38 – Лесозаводск
      2043  ДЗЛ (7SD522) ВЛ 220 кВ Приморская ГРЭС – НПС-38
    2281  ВЛ 220 кВ Владивосток – Зелёный угол
      2282  ДЗЛ и КСЗ (ШЭ2607091)
  169  ЛЭП 110 кВ
    170  ВЛ 110 кВ Приморская ГРЭС – Бикин
      587  МТЗ, ТЗНП
      589  ИМФ-3С
      1664  КСЗ ВЛ 110 кВ Приморская ГРЭС – Бикин (МТЗ, ТЗНП, ТЗОП)
      1664  КСЗ ВЛ 110 кВ Приморская ГРЭС - Бикин (МТЗ, ТЗНП, ТЗОП)
    170  ВЛ 110 кВ Приморская  ГРЭС - Бикин
      587  МТЗ, ТЗНП
      589  ИМФ-3С
      1664  КСЗ ВЛ 110 кВ Приморская ГРЭС – Бикин (МТЗ, ТЗНП, ТЗОП)
      1664  КСЗ ВЛ 110 кВ Приморская ГРЭС - Бикин (МТЗ, ТЗНП, ТЗОП)
    297  КВЛ 110 кВ Хабаровская ТЭЦ–1 – РЦ №2 с отпайками (C-8)
      1171  КСЗ КВЛ 110 кВ Хабаровская ТЭЦ–1 – РЦ №2 с отпайками (ДЗ, ТЗНП, ТО) (ЭПЗ-1636)
      1172  ВЧБ КВЛ 110 кВ Хабаровская ТЭЦ–1 – РЦ №2 с отпайками (ЭПЗ-1643)
      1890  Комплект РЗ КВЛ 110 кВ Хабаровская ТЭЦ–1 – РЦ №2 с отпайками (ВЧБ, ДЗ, ТЗНП, МФТО, МТЗ) (7SA522)
    298  КВЛ 110 кВ Хабаровская ТЭЦ–1 – РЦ №1 с отпайками (C-7)
      1173  КСЗ КВЛ 110 кВ Хабаровская ТЭЦ–1 – РЦ №1 с отпайками (ДЗ, ТЗНП, ТО) (ЭПЗ-1636)
      1174  ВЧБ КВЛ 110 кВ Хабаровская ТЭЦ–1 – РЦ №1 с отпайками (ЭПЗ-1643)
      1891  Комплект РЗ КВЛ 110 кВ Хабаровская ТЭЦ–1 – РЦ №1 с отпайкам (ВЧБ, ДЗ, ТЗНП, МФТО, МТЗ) (7SA522)
      2053  ПРД УПК-Ц 228 кГц КВЛ 110 кВ Хабаровская ТЭЦ-1 - РЦ №1 с отпайками
      2054  ПРМ УПК-Ц 228 кГц КВЛ 110 кВ Хабаровская ТЭЦ-1 - РЦ №1 с отпайками
      2054  ПРМ УПК-Ц 228 кГц КВЛ 110 кВ Хабаровская ТЭЦ-1 – РЦ № 1 с отпайками
      2363  ПРМ АВАНТ 228 кГц КВЛ 110 кВ Хабаровская ТЭЦ-1 – РЦ № 1 с отпайками
    298  КВЛ 110 кВ Хабаровская ТЭЦ-1 – РЦ № 1 с отпайками (C-7)
      1173  КСЗ КВЛ 110 кВ Хабаровская ТЭЦ–1 – РЦ №1 с отпайками (ДЗ, ТЗНП, ТО) (ЭПЗ-1636)
      1174  ВЧБ КВЛ 110 кВ Хабаровская ТЭЦ–1 – РЦ №1 с отпайками (ЭПЗ-1643)
      1891  Комплект РЗ КВЛ 110 кВ Хабаровская ТЭЦ–1 – РЦ №1 с отпайкам (ВЧБ, ДЗ, ТЗНП, МФТО, МТЗ) (7SA522)
      2053  ПРД УПК-Ц 228 кГц КВЛ 110 кВ Хабаровская ТЭЦ-1 - РЦ №1 с отпайками
      2054  ПРМ УПК-Ц 228 кГц КВЛ 110 кВ Хабаровская ТЭЦ-1 - РЦ №1 с отпайками
      2054  ПРМ УПК-Ц 228 кГц КВЛ 110 кВ Хабаровская ТЭЦ-1 – РЦ № 1 с отпайками
      2363  ПРМ АВАНТ 228 кГц КВЛ 110 кВ Хабаровская ТЭЦ-1 – РЦ № 1 с отпайками
    419  ВЛ 110 кВ Арсеньев-2 - Молодежная
      514  ПРМ АНКА 544 кГц
      590  ВЧБ (ЭПЗ-1643)
      727  КСЗ (ЭПЗ-1636)
    420  ВЛ 110 кВ Молодежная - Чугуевка
      771  РАСП (ИМФ)
    421  ВЛ 110 кВ Артёмовская ТЭЦ – Уссурийск-1
      603  КСЗ (ЭПЗ-1636)
      690  АЛАР
    422  ВЛ 110 кВ Партизанская ГРЭС – ХФЗ №1
      604  ВЧБ (ЭПЗ-1643)
      605  КСЗ (ЭПЗ-1636)
      742  РАСП (ФИП) ВЛ 110 кВ Партизанская ГРЭС - ХФЗ №1
      1860  КСЗ (ЭПЗ-1636) ВЛ 110 кВ Партизанская ГРЭС - ХФЗ №1
      1861  ВЧБ (ЭПЗ-1643) ВЛ 110 кВ Партизанская ГРЭС - ХФЗ №1
    423  ВЛ 110 кВ Партизанская ГРЭС – ХФЗ №2
      606  ВЧБ (ЭПЗ-1643)
      607  КСЗ (ЭПЗ-1636)
      743  РАСП (ФИП) ВЛ 110 кВ Партизанская ГРЭС - ХФЗ №2
      2292  ВЧБ (ЭПЗ-1643)
    424  ВЛ 110 кВ Партизанская ГРЭС – Екатериновка
      618  РАСП (ФПМ) ВЛ 110 кВ Партизанская ГРЭС - Екатериновка
      695  КСЗ (ЭПЗ-1636)
      740  РАСП (ФИП) ВЛ 110 кВ Партизанская ГРЭС - Екатериновка
    425  ВЛ 110 кВ Партизанская ГРЭС – Находка/т
      610  КСЗ (ЭПЗ-1636)
      619  РАСП (ФПМ) ВЛ 110 кВ Партизанская ГРЭС - Находка/т
      741  РАСП (ФИП) ВЛ 110 кВ Партизанская ГРЭС - Находка/т
    438  ВЛ 110 кВ Владивостокская ТЭЦ-2 – А №1
      1857  ДЗЛ и КСЗ
      1858  КСЗ, АУВ и УРОВ
      2012  ДЗЛ и КСЗ
    439  ВЛ 110 кВ Владивостокская ТЭЦ-2 – А №2
      1856  КСЗ, АУВ и УРОВ
      1859  ДЗЛ и КСЗ
      2013  ДЗЛ и КСЗ
    440  ВЛ 110 кВ Артёмовская ТЭЦ – Шахта-7
      501  ПРМ АНКА 252 кГц ВЛ 110 кВ Артемовская ТЭЦ - Шахта-7
      632  КСЗ (ЭПЗ-1636)
    441  ВЛ 110 кВ Артёмовская ТЭЦ – Промузел
      597  КСЗ (ЭПЗ-1636)
    442  ВЛ 110 кВ Артёмовская ТЭЦ – Западная – Кролевцы – Штыково №2
      628  КСЗ (ЭПЗ-1636)
    443  ВЛ 110 кВ Артёмовская ТЭЦ – Западная – Кролевцы – Штыково №1
      601  КСЗ (ЭПЗ-1636)
    444  ВЛ 110 кВ Артёмовская ТЭЦ – Смоляниново/т
      630  КСЗ (ЭПЗ-1636)
    445  ВЛ 110 кВ Артёмовская ТЭЦ – Муравейка
      626  КСЗ (ЭПЗ-1636)
    584  ВЛ 110 кВ Владивостокская ТЭЦ-2 – Патрокл с отпайкой на ПС Загородная
      639  КСЗ (ЭПЗ-1636)
    585  ВЛ 110 кВ Владивостокская ТЭЦ-2 – Голдобин с отпайками (на ПС Загородная и ПС Улисс)
      638  КСЗ (ЭПЗ-1636)
    752  КВЛ 110 кВ Владивостокская ТЭЦ-2 – Орлиная с отпайкой на ПС Голубинка
      756  КСЗ, АУВ и УРОВ (ШЭ2607016)
      757  ПРД/ПРМ UMUX по ВОЛС
      759  ДЗЛ и КСЗ (ШЭ2607093)
      2023  ДЗЛ и КСЗ (ШЭ2607091)
      2138  ПРД/ПРМ UMUX по ВОЛС
    753  КВЛ 110 кВ Владивостокская ТЭЦ-2 – Залив с отпайкой на ПС Голубинка
      758   КСЗ, АУВ и УРОВ (ШЭ2607016)
      760  ПРД/ПРМ UMUX по ВОЛС
      761  ДЗЛ и КСЗ (ШЭ2607093)
      2014  КСЗ, АУВ и УРОВ (ШЭ2607016)
      2015  ДЗЛ и КСЗ (ШЭ2607091)
      2016  ПРД/ПРМ UMUX по ВОЛС
    788  ВЛ 110 кВ Благовещенская ТЭЦ - Центральная № 1 с отпайками
      811  КСЗ ВЛ 110 кВ Благовещенская ТЭЦ – Центральная № 1 с отпайками (ДЗ, ТЗНП, ТО) (ЭПЗ-1636М)
      822  ВЧБ ВЛ 110 кВ Благовещенская ТЭЦ - Центральная № 1 с отпайками (ЭПЗ-1643)
      831  ВЧБ ВЛ 110 кВ Благовещенская ТЭЦ - Центральная № 1 (ЭПЗ-1643)
      1738  Комплект РЗ ВЛ 110 кВ Благовещенская ТЭЦ – Центральная № 1 с отпайками (ВЧБ, ДЗ, МФТО, ТЗНП) (БЭ2704-087)
      1739  КСЗ ВЛ 110 кВ Благовещенская ТЭЦ – Центральная № 1 с отпайками (ДЗ, МФТО, ТЗНП) (БЭ2704-021)
      2048  Комплект РЗ ВЛ 110 кВ Благовещенская ТЭЦ – Центральная № 1 с отпайками (ВЧБ, ДЗ, МФТО, ТЗНП) (БЭ2704-088)
    796  ВЛ 110 кВ Благовещенская ТЭЦ – Центральная № 2 с отпайками
      812  КСЗ ВЛ 110 кВ Благовещенская ТЭЦ –Центральная №2 с отпайками (ДЗ, ТЗНП, ТО) (ЭПЗ-1636М)
      821  ВЧБ ВЛ 110 кВ Благовещенская ТЭЦ - Центральная № 2 с отпайками (ЭПЗ-1643)
      832  ВЧБ ВЛ 110 кВ Благовещенская ТЭЦ - Центральная № 2 (ЭПЗ-1643)
      1741  Комплект РЗ ВЛ 110 кВ Благовещенская ТЭЦ – Центральная № 2 с отпайками (ВЧБ, ДЗ, МФТО, ТЗНП) (БЭ2704-087)
      1742  КСЗ ВЛ 110 кВ Благовещенская ТЭЦ – Центральная № 2 с отпайками (ДЗ, МФТО, ТЗНП) (БЭ2704-021)
      2049  Комплект РЗ ВЛ 110 кВ Благовещенская ТЭЦ – Центральная № 2 с отпайками (ВЧБ, ДЗ, МФТО, ТЗНП, УРОВ) (БЭ2704-088)
    797  ВЛ 110 кВ Благовещенская ТЭЦ - Благовещенская № 1 с отпайками
      814  ВЧБ ВЛ 110 кВ Благовещенская ТЭЦ - Благовещенская №1 с отпайками (ЭПЗ-1643)
      830  ВЧБ ВЛ 110 кВ Благовещенская ТЭЦ – Благовещенская №1 с отпайками (ЭПЗ-1643)
      833  КСЗ ВЛ 110 кВ Благовещенская ТЭЦ – Благовещенская №1 с отпайками (ДЗ, ТЗНП, ТО) (ЭПЗ-1636М)
      1732  Комплект РЗ ВЛ 110 кВ Благовещенская ТЭЦ – Благовещенская № 1 с отпайками (ВЧБ, ДЗ, МФТО, ТЗНП) (БЭ2704-087)
      1733  КСЗ ВЛ 110 кВ Благовещенская ТЭЦ – Благовещенская № 1 с отпайками (ДЗ, МФТО, ТЗНП) (БЭ2704-021)
      1821  КСЗ ВЛ 110 кВ Благовещенская ТЭЦ - Благовещенская №1 с отпайками (ДЗ, ТЗНП, ТО) (ЭПЗ-1636)
      1822  ВЧБ ВЛ 110 кВ Благовещенская ТЭЦ – Благовещенская №1 с отпайками (БЭ2704-083)
    797  ВЛ 110 кВ Благовещенская ТЭЦ – Благовещенская № 1 с отпайками
      814  ВЧБ ВЛ 110 кВ Благовещенская ТЭЦ - Благовещенская №1 с отпайками (ЭПЗ-1643)
      830  ВЧБ ВЛ 110 кВ Благовещенская ТЭЦ – Благовещенская №1 с отпайками (ЭПЗ-1643)
      833  КСЗ ВЛ 110 кВ Благовещенская ТЭЦ – Благовещенская №1 с отпайками (ДЗ, ТЗНП, ТО) (ЭПЗ-1636М)
      1732  Комплект РЗ ВЛ 110 кВ Благовещенская ТЭЦ – Благовещенская № 1 с отпайками (ВЧБ, ДЗ, МФТО, ТЗНП) (БЭ2704-087)
      1733  КСЗ ВЛ 110 кВ Благовещенская ТЭЦ – Благовещенская № 1 с отпайками (ДЗ, МФТО, ТЗНП) (БЭ2704-021)
      1821  КСЗ ВЛ 110 кВ Благовещенская ТЭЦ - Благовещенская №1 с отпайками (ДЗ, ТЗНП, ТО) (ЭПЗ-1636)
      1822  ВЧБ ВЛ 110 кВ Благовещенская ТЭЦ – Благовещенская №1 с отпайками (БЭ2704-083)
    798  ВЛ 110 кВ Благовещенская ТЭЦ - Благовещенская № 2 с отпайкой на ПС Чигири
      813  ВЧБ ВЛ 110 кВ Благовещенская ТЭЦ - Благовещенская № 2 (ЭПЗ-1643)
      823  КСЗ ВЛ 110 кВ Благовещенская ТЭЦ – Благовещенская №2 с отпайкой на ПС Чигири (ДЗ, ТЗНП, ТО) (ЭПЗ-1636М)
      824  ВЧБ ВЛ 110 кВ Благовещенская ТЭЦ – Благовещенская №2 с отпайкой на ПС Чигири (ЭПЗ-1643)
      1735  Комплект РЗ ВЛ 110 кВ Благовещенская ТЭЦ – Благовещенская № 2 с отпайкой на ПС Чигири (ВЧБ, ДЗ, МФТО, ТЗНП) (БЭ2704-087)
      1736  КСЗ ВЛ 110 кВ Благовещенская ТЭЦ – Благовещенская № 2 с отпайкой на ПС Чигири (ДЗ, МФТО, ТЗНП) (БЭ2704-021)
      1820  КСЗ ВЛ 110 кВ Благовещенская ТЭЦ - Благовещенская № 2 с отпайкой на ПС Чигири (ДЗ, ТЗНП, ТО) (ЭПЗ-1636)
      1823  ВЧБ ВЛ 110 кВ Благовещенская ТЭЦ – Благовещенская №2 с отпайкой на ПС Чигири (БЭ2704-083)
    876  ВЛ 110 кВ Райчихинская ГРЭС - Бурея/т
      878  КСЗ ВЛ 110 кВ Райчихинская ГРЭС - Бурея/т(ЭПЗ-1636М)
      923  ВЧБ ВЛ 110 кВ Райчихинская ГРЭС - Бурея/т (ЭПЗ-1643)
    895  ВЛ 110 кВ Райчихинская ГРЭС - Михайловка
      922  ДФЗ ВЛ 110 кВ Райчихинская ГРЭС - Михайловка (ДФЗ-201)
      925  ДФЗ ВЛ 110 кВ Райчихинская ГРЭС - Михайловка (ДФЗ-201)
      926  КСЗ ВЛ 110 кВ Райчихинская ГРЭС - Михайловка (ЭПЗ-1636М)
      1819  КСЗ ВЛ 110 кВ Райчихинская ГРЭС – Михайловка (ДЗ, ТЗНП, ТО) (ЭПЗ-1636М)
      1842  Комплект РЗ ВЛ 110 кВ Райчихинская ГРЭС – Михайловка (ДФЗ, ДЗ, МФТО, ТЗНП) (БЭ2704-088)
    931  ВЛ 110 кВ Амурская ТЭЦ–1 – Комсомольская (С–71)
      940  ПРМ АНКА–АВПА 104 кГц ВЛ 110 кВ Амурская ТЭЦ–1 – Комсомольская
      1258  ВЧБ ВЛ 110 кВ Амурская ТЭЦ–1 – Комсомольская (ЭПЗ-1643)
      1277  КСЗ ВЛ 110 кВ Амурская ТЭЦ–1 – Комсомольская (ДЗ, ТЗНП, ТО) (ЭПЗ-1636)
      1278  ЛИФП-А
      1279  ФПМ-01
      2056  ВЧБ ВЛ 110 кВ Амурская ТЭЦ-1 – Комсомольская (ЭПЗ-1643)
      2065  ПРД УПК-Ц 104 кГц ВЛ 110 кВ Амурская ТЭЦ-1 – Комсомольская
    932  ВЛ 110 кВ Амурская ТЭЦ–1 – Хурба (С–72)
      1272  ЛИФП-А
      1273  ФПМ-01
      1274  КСЗ ВЛ 110 кВ Амурская ТЭЦ–1 – Хурба (ДЗ, ТЗНП, ТО) (ЭПЗ-1636)
      1275  ДЗ ВЛ 110 кВ Амурская ТЭЦ–1 – Хурба (БРЭ-2801)
      1276  ВЧБ ВЛ 110 кВ Амурская ТЭЦ–1 – Хурба (ЭПЗ-1643)
    950  ВЛ 110 кВ Комсомольская ТЭЦ–1 – Привокзальная (С–75)
      1280  ДЗЛ ВЛ 110 кВ Комсомольская ТЭЦ–1 – Привокзальная (ДЗЛ-1)
      1297  КСЗ ВЛ 110 кВ Комсомольская ТЭЦ–1 – Привокзальная (ДЗ, ТО) (ПЗ-4)
      1298  ТЗНП ВЛ 110 кВ Комсомольская ТЭЦ–1 – Привокзальная
      2011  ДЗЛ ВЛ 110 кВ Комсомольская ТЭЦ-1 – Привокзальная (ДЗЛ-1)
    951  ВЛ 110 кВ Комсомольская ТЭЦ–1 – Комсомольская ТЭЦ–2 №1 (С–83)
      1267  ВЧБ ВЛ 110 кВ Комсомольская ТЭЦ–1 – Комсомольская ТЭЦ–2 №1 (ЭПЗ-1643)
      1294  КСЗ ВЛ 110 кВ Комсомольская ТЭЦ–1 – Комсомольская ТЭЦ–2 №1 (ДЗ, ТЗНП, ТО) (ЭПЗ-1636)
      1295  КСЗ ВЛ 110 кВ Комсомольская ТЭЦ–1 – Комсомольская ТЭЦ–2 №1 (ДЗ, ТЗНП, ТО) (ЭПЗ-1636)
      1296  ВЧБ ВЛ 110 кВ Комсомольская ТЭЦ–1 – Комсомольская ТЭЦ–2 №1 (ЭПЗ-1643)
    952  ВЛ 110 кВ Комсомольская ТЭЦ–1 – Комсомольская ТЭЦ–2 №2 (С–84)
      1266  ВЧБ ВЛ 110 кВ Комсомольская ТЭЦ–1 – Комсомольская ТЭЦ–2 №2 (ЭПЗ-1643)
      1291  КСЗ ВЛ 110 кВ Комсомольская ТЭЦ–1 – Комсомольская ТЭЦ–2 №2 (ДЗ, ТЗНП, ТО) (ЭПЗ-1636)
      1292  КСЗ ВЛ 110 кВ Комсомольская ТЭЦ–1 – Комсомольская ТЭЦ–2 №2 (ДЗ, ТЗНП, ТО) (ЭПЗ-1636)
      1293  ВЧБ ВЛ 110 кВ Комсомольская ТЭЦ–1 – Комсомольская ТЭЦ–2 №2 (ЭПЗ-1643)
    974  ВЛ 110 кВ Комсомольская ТЭЦ–2 – Т №1 (С–85)
      1289  ВЧБ ВЛ 110 кВ Комсомольская ТЭЦ–2 – Т №1 (ЭПЗ-1643)
      1290  КСЗ ВЛ 110 кВ Комсомольская ТЭЦ–2 – Т №1 (ДЗ, ТЗНП, ТО) (ЭПЗ-1636)
      1888  ВЧБ ВЛ 110 кВ Комсомольская ТЭЦ–2 – Т №1 (ЭПЗ-1643)
    975  ВЛ 110 кВ Комсомольская ТЭЦ-2 – Т № 2 с отпайкой на ПС Парус (С-86)
      1287  КСЗ ВЛ 110 кВ Комсомольская ТЭЦ–2 – Т №2 с отпайкой на ПС Парус (ДЗ, ТЗНП, ТО) (ЭПЗ-1636) ВЛ 110 кВ Комсомольская ТЭЦ–2 – Т №2 с отпайкой на ПС Парус (С–86)
      1288  ВЧБ ВЛ 110 кВ Комсомольская ТЭЦ–2 – Т №2 с отпайкой на ПС Парус (ЭПЗ-1643) ВЛ 110 кВ Комсомольская ТЭЦ–2 – Т №2 с отпайкой на ПС Парус (С–86)
      2006  Комплект РЗ ВЛ 110 кВ Комсомольская ТЭЦ-2 – Т №2 с отпайкой на ПС Парус (ВЧБ, ДЗ, ТЗНП, МФТО, УРОВ) (ШЭ 2607 024) ВЛ 110 кВ Комсомольская ТЭЦ–2 – Т №2 с отпайкой на ПС Парус (С–86)
      2060  ВЧБ ВЛ 110 кВ Комсомольская ТЭЦ-2 – Т № 2 с отпайкой на ПС Парус (ЭПЗ-1643)
    1014  ВЛ 110 кВ Хабаровская ТЭЦ-1 – Корфовская № 1 с отпайками (С-5)
      1015  ПРД АНКА-АВПА 260 кГц ВЛ 110 кВ Хабаровская ТЭЦ–1 – Корфовская №1 с отпайками ВЛ 110 кВ Хабаровская ТЭЦ–1 – Корфовская №1 с отпайками (С–5)
      1196  ФИП-А ВЛ 110 кВ Хабаровская ТЭЦ–1 – Корфовская №1 с отпайками (С–5)
      1197  ИМФ-3 ВЛ 110 кВ Хабаровская ТЭЦ–1 – Корфовская №1 с отпайками (С–5)
      1217  ДЗ ВЛ 110 кВ Хабаровская ТЭЦ–1 – Корфовская №1 с отпайками (БРЭ-2801) ВЛ 110 кВ Хабаровская ТЭЦ–1 – Корфовская №1 с отпайками (С–5)
      1218  КСЗ ВЛ 110 кВ Хабаровская ТЭЦ–1 – Корфовская №1 с отпайками (ДЗ, ТЗНП, ТО) (ЭПЗ-1636) ВЛ 110 кВ Хабаровская ТЭЦ–1 – Корфовская №1 с отпайками (С–5)
      1219  ВЧБ ВЛ 110 кВ Хабаровская ТЭЦ–1 – Корфовская №1 с отпайками (ЭПЗ-1643) ВЛ 110 кВ Хабаровская ТЭЦ–1 – Корфовская №1 с отпайками (С–5)
      1762  ПРД УПК-Ц 260 кГц ВЛ 110 кВ Хабаровская ТЭЦ-1 – Корфовская №1 с отпайками ВЛ 110 кВ Хабаровская ТЭЦ–1 – Корфовская №1 с отпайками (С–5)
      2151  ВЧБ ВЛ 110 кВ Хабаровская ТЭЦ-1 – Корфовская № 1 с отпайками (ЭПЗ-1643)
      2295  ПРМ АНКА-АВПА 260 кГц ВЛ 110 кВ Хабаровская ТЭЦ-1 – Корфовская № 1 с отпайками
      2296  ПРМ УПК-Ц 260 кГц ВЛ 110 кВ Хабаровская ТЭЦ-1 – Корфовская № 1 с отпайками
    1016  ВЛ 110 кВ Хабаровская ТЭЦ–1 – Южная №1 (С–1)
      1017  ПРМ АНКА–АВПА 508 кГц ВЛ 110 кВ Хабаровская ТЭЦ–1 – Южная №1
      1212  КСЗ ВЛ 110 кВ Хабаровская ТЭЦ–1 – Южная №1 (ДЗ, ТЗНП, ТО) (ЭПЗ-1636)
      1213  ВЧБ ВЛ 110 кВ Хабаровская ТЭЦ–1 – Южная №1 (ЭПЗ-1643)
      1835  ПРМ УПК-Ц 508 кГц ВЛ 110 кВ Хабаровская ТЭЦ-1 – Южная №1
      1867  ВЧБ ВЛ 110 кВ Хабаровская ТЭЦ–1 – Южная №1 (ЭПЗ-1643)
      1870  КСЗ ВЛ 110 кВ Хабаровская ТЭЦ–1 – Южная №1 (ДЗ, ТЗНП, ТО) (ЭПЗ-1636)
      1871  ПРД УПК-Ц 508 кГц ВЛ 110 кВ Хабаровская ТЭЦ–1 – Южная №1
    1027  ВЛ 110 кВ К – Комсомольская ТЭЦ-3 № 1 с отпайкой на ПС ГПП-5 (С-117)
      1264  ВЧБ ВЛ 110 кВ К – Комсомольская ТЭЦ–3 № 1 с отпайкой на ПС ГПП–5 (ЭПЗ-1643) ВЛ 110 кВ К – Комсомольская ТЭЦ–3 № 1 с отпайкой на ПС ГПП–5 (С–117)
      1285  КСЗ ВЛ 110 кВ К – Комсомольская ТЭЦ–3 № 1 с отпайкой на ПС ГПП–5 (ДЗ, ТЗНП, ТО) (ЭПЗ-1636) ВЛ 110 кВ К – Комсомольская ТЭЦ–3 № 1 с отпайкой на ПС ГПП–5 (С–117)
      2064  ВЧБ ВЛ 110 кВ К – Комсомольская ТЭЦ-3 № 1 с отпайкой на ПС ГПП-5 (ЭПЗ-1643)
    1028  ВЛ 110 кВ К – Комсомольская ТЭЦ-3 № 2 с отпайкой на ПС ГПП-5 (С-118)
      1040  ПРД АНКА–АВПА 512 кГц ВЛ 110 кВ К – Комсомольская ТЭЦ–3 № 2 с отпайкой на ПС ГПП–5 ВЛ 110 кВ К – Комсомольская ТЭЦ–3 № 2 с отпайкой на ПС ГПП–5 (С–118)
      1040  ПРД АНКА–АВПА 512 кГц ВЛ 110 кВ К – Комсомольская ТЭЦ–3 № 2 с отпайкой на ПС ГПП–5
      1263  ВЧБ ВЛ 110 кВ К – Комсомольская ТЭЦ–3 № 2 с отпайкой на ПС ГПП–5 (ЭПЗ-1643) ВЛ 110 кВ К – Комсомольская ТЭЦ–3 № 2 с отпайкой на ПС ГПП–5 (С–118)
      1263  ВЧБ ВЛ 110 кВ К – Комсомольская ТЭЦ–3 № 2 с отпайкой на ПС ГПП–5 (ЭПЗ-1643)
      1286  КСЗ ВЛ 110 кВ К – Комсомольская ТЭЦ–3 № 2 с отпайкой на ПС ГПП–5 (ДЗ, ТЗНП, ТО) (ЭПЗ-1636) ВЛ 110 кВ К – Комсомольская ТЭЦ–3 № 2 с отпайкой на ПС ГПП–5 (С–118)
      1286  КСЗ ВЛ 110 кВ К – Комсомольская ТЭЦ–3 № 2 с отпайкой на ПС ГПП–5 (ДЗ, ТЗНП, ТО) (ЭПЗ-1636)
      2059  ВЧБ ВЛ 110 кВ К – Комсомольская ТЭЦ-3 № 2 с отпайкой на ПС ГПП-5 (ЭПЗ-1643)
      2219  ПРМ УПК-Ц 512 кГц ВЛ 110 кВ К – Комсомольская ТЭЦ-3 № 2 с отпайкой на ПС ГПП-5
    1028  ВЛ 110 кВ К – Комсомольская ТЭЦ–3 № 2 с отпайкой на ПС ГПП–5 (С–118)
      1040  ПРД АНКА–АВПА 512 кГц ВЛ 110 кВ К – Комсомольская ТЭЦ–3 № 2 с отпайкой на ПС ГПП–5 ВЛ 110 кВ К – Комсомольская ТЭЦ–3 № 2 с отпайкой на ПС ГПП–5 (С–118)
      1040  ПРД АНКА–АВПА 512 кГц ВЛ 110 кВ К – Комсомольская ТЭЦ–3 № 2 с отпайкой на ПС ГПП–5
      1263  ВЧБ ВЛ 110 кВ К – Комсомольская ТЭЦ–3 № 2 с отпайкой на ПС ГПП–5 (ЭПЗ-1643) ВЛ 110 кВ К – Комсомольская ТЭЦ–3 № 2 с отпайкой на ПС ГПП–5 (С–118)
      1263  ВЧБ ВЛ 110 кВ К – Комсомольская ТЭЦ–3 № 2 с отпайкой на ПС ГПП–5 (ЭПЗ-1643)
      1286  КСЗ ВЛ 110 кВ К – Комсомольская ТЭЦ–3 № 2 с отпайкой на ПС ГПП–5 (ДЗ, ТЗНП, ТО) (ЭПЗ-1636) ВЛ 110 кВ К – Комсомольская ТЭЦ–3 № 2 с отпайкой на ПС ГПП–5 (С–118)
      1286  КСЗ ВЛ 110 кВ К – Комсомольская ТЭЦ–3 № 2 с отпайкой на ПС ГПП–5 (ДЗ, ТЗНП, ТО) (ЭПЗ-1636)
      2059  ВЧБ ВЛ 110 кВ К – Комсомольская ТЭЦ-3 № 2 с отпайкой на ПС ГПП-5 (ЭПЗ-1643)
      2219  ПРМ УПК-Ц 512 кГц ВЛ 110 кВ К – Комсомольская ТЭЦ-3 № 2 с отпайкой на ПС ГПП-5
    1029  ВЛ 110 кВ Старт – Комсомольская ТЭЦ–3 № 1 с отпайкой на ПС БАМ ПТФ (С–115)
      1262  ВЧБ ВЛ 110 кВ Старт – Комсомольская ТЭЦ–3 № 1 с отпайкой на ПС БАМ ПТФ (ЭПЗ-1643)
      1281  КСЗ ВЛ 110 кВ Старт – Комсомольская ТЭЦ–3 № 1 с отпайкой на ПС БАМ ПТФ (ДЗ, ТЗНП, ТО) (ЭПЗ-1636)
      1282  ДЗ ВЛ 110 кВ Старт – Комсомольская ТЭЦ–3 № 1 с отпайкой на ПС БАМ ПТФ (БРЭ-2801)
      2061  ВЧБ ВЛ 110 кВ Старт – Комсомольская ТЭЦ-3 № 1 с отпайкой на ПС БАМ ПТФ (ЭПЗ-1643)
    1030  ВЛ 110 кВ Старт – Комсомольская ТЭЦ–3 № 2 с отпайкой на ПС БАМ ПТФ (С–116)
      1041  ПРМ АНКА–АВПА 360 кГц ВЛ 110 кВ Старт – Комсомольская ТЭЦ–3 № 2 с отпайкой на ПС БАМ ПТФ
      1261  ВЧБ ВЛ 110 кВ Старт – Комсомольская ТЭЦ–3 № 2 с отпайкой на ПС БАМ ПТФ (ЭПЗ-1643)
      1283  ДЗ ВЛ 110 кВ Старт – Комсомольская ТЭЦ–3 № 2 с отпайкой на ПС БАМ ПТФ (БРЭ-2801)
      1284  КСЗ ВЛ 110 кВ Старт – Комсомольская ТЭЦ–3 № 2 с отпайкой на ПС БАМ ПТФ (ДЗ, ТЗНП, ТО) (ЭПЗ-1636)
      1883  ВЧБ ВЛ 110 кВ Старт – Комсомольская ТЭЦ-3 № 2 с отпайкой на ПС БАМ ПТФ (ЭПЗ-1643)
      2334  ПРД УПК-Ц 360 кГц ВЛ 110 кВ Старт – Комсомольская ТЭЦ-3 № 2 с отпайкой на ПС БАМ ПТФ
    1030  ВЛ 110 кВ Старт – Комсомольская ТЭЦ-3 № 2 с отпайкой на ПС БАМ ПТФ (С-116)
      1041  ПРМ АНКА–АВПА 360 кГц ВЛ 110 кВ Старт – Комсомольская ТЭЦ–3 № 2 с отпайкой на ПС БАМ ПТФ
      1261  ВЧБ ВЛ 110 кВ Старт – Комсомольская ТЭЦ–3 № 2 с отпайкой на ПС БАМ ПТФ (ЭПЗ-1643)
      1283  ДЗ ВЛ 110 кВ Старт – Комсомольская ТЭЦ–3 № 2 с отпайкой на ПС БАМ ПТФ (БРЭ-2801)
      1284  КСЗ ВЛ 110 кВ Старт – Комсомольская ТЭЦ–3 № 2 с отпайкой на ПС БАМ ПТФ (ДЗ, ТЗНП, ТО) (ЭПЗ-1636)
      1883  ВЧБ ВЛ 110 кВ Старт – Комсомольская ТЭЦ-3 № 2 с отпайкой на ПС БАМ ПТФ (ЭПЗ-1643)
      2334  ПРД УПК-Ц 360 кГц ВЛ 110 кВ Старт – Комсомольская ТЭЦ-3 № 2 с отпайкой на ПС БАМ ПТФ
    1108  ВЛ 110 кВ Хабаровская ТЭЦ-1 – Корфовская № 2 с отпайками (С-6)
      1194  ФИП-А ВЛ 110 кВ Хабаровская ТЭЦ–1 – Корфовская №2 с отпайками (С–6)
      1195  ИМФ-3С ВЛ 110 кВ Хабаровская ТЭЦ–1 – Корфовская №2 с отпайками (С–6)
      1214  ДЗ ВЛ 110 кВ Хабаровская ТЭЦ–1 – Корфовская №2 с отпайками (БРЭ-2801) ВЛ 110 кВ Хабаровская ТЭЦ–1 – Корфовская №2 с отпайками (С–6)
      1215  КСЗ ВЛ 110 кВ Хабаровская ТЭЦ–1 – Корфовская №2 с отпайками (ДЗ, ТЗНП, ТО) (ЭПЗ-1636) ВЛ 110 кВ Хабаровская ТЭЦ–1 – Корфовская №2 с отпайками (С–6)
      1216  ВЧБ ВЛ 110 кВ Хабаровская ТЭЦ–1 – Корфовская №2 с отпайками (ЭПЗ-1643) ВЛ 110 кВ Хабаровская ТЭЦ–1 – Корфовская №2 с отпайками (С–6)
      2150  ВЧБ ВЛ 110 кВ Хабаровская ТЭЦ-1 – Корфовская № 2 с отпайками (ЭПЗ-1643)
    1109  ВЛ 110 кВ Хабаровская ТЭЦ–1 – Южная №2  (С–2)
      1210  КСЗ ВЛ 110 кВ Хабаровская ТЭЦ–1 – Южная №2 (ДЗ, ТЗНП, ТО) (ЭПЗ-1636)
      1211  ВЧБ ВЛ 110 кВ Хабаровская ТЭЦ–1 – Южная №2 (ЭПЗ-1643)
      1868  КСЗ ВЛ 110 кВ Хабаровская ТЭЦ–1 – Южная №2 (ДЗ, ТЗНП, ТО) (ЭПЗ-1636)
      1869  ВЧБ ВЛ 110 кВ Хабаровская ТЭЦ–1 – Южная №2 (ЭПЗ-1643)
    1133  ВЛ 110 кВ Комсомольская ТЭЦ–1 – К (С–76)
      1269  ДЗЛ ВЛ 110 кВ Комсомольская ТЭЦ–1 – К (ДЗЛ-1)
      1299  КСЗ ВЛ 110 кВ Комсомольская ТЭЦ–1 – К (ПЗ-4)
      1300  ТЗНП ВЛ 110 кВ Комсомольская ТЭЦ–1 – К
      2055  ДЗЛ ВЛ 110 кВ Комсомольская ТЭЦ-1 – К (ДЗЛ-1)
    1395  ВЛ 110 кВ Нерюнгринская ГРЭС – Чульманская ТЭЦ II цепь с отпайками
      1396  КСЗ ВЛ 110 кВ Нерюнгринская ГРЭС – Чульманская ТЭЦ II цепь с отпайками (ДЗ, ТЗНП, МФТО) (ЭПЗ-1636)
      1465  ДФЗ ВЛ 110 кВ Нерюнгринская ГРЭС – Чульманская ТЭЦ II цепь с отпайками (ДФЗ-201)
      1538  ДФЗ ВЛ 110 кВ Нерюнгринская ГРЭС – Чульманская ТЭЦ II цепь с отпайками (ДФЗ-201)
      1541  КСЗ ВЛ 110 кВ Нерюнгринская ГРЭС – Чульманская ТЭЦ II цепь с отпайками (ДЗ, ТЗНП, МФТО) (ЭПЗ-1636)
    1424  ВЛ 110 кВ Нерюнгринская ГРЭС – Чульманская ТЭЦ I цепь с отпайками
      1441  ДФЗ ВЛ 110 кВ Нерюнгринская ГРЭС – Чульманская ТЭЦ I цепь с отпайками (ДФЗ-201)
      1464  ДФЗ ВЛ 110 кВ Нерюнгринская ГРЭС – Чульманская ТЭЦ I цепь с отпайками (ДФЗ-201)
      1475  КСЗ ВЛ 110 кВ Нерюнгринская ГРЭС – Чульманская ТЭЦ I цепь с отпайками (ДЗ, ТЗНП, МФТО) (ЭПЗ-1636)
      1519  КСЗ ВЛ 110 кВ Нерюнгринская ГРЭС – Чульманская ТЭЦ I цепь с отпайками (ДЗ, ТЗНП, МФТО) (ЭПЗ-1636)
    1520  ВЛ 110 кВ Чульманская ТЭЦ – Хатыми с отпайками
      1865  КСЗ ВЛ 110 кВ Чульманская ТЭЦ – Хатыми с отпайками (ДЗ, ТЗНП, МФТО) (ТОР 300 КСЗ 514)
      1866  Комплект РЗА ВЛ 110 кВ Чульманская ТЭЦ – Хатыми с отпайками (ДЗ, ТЗНП, МФТО, АУВ, АПВ) (ТОР 300 КСЗ 510)
    1533  ВЛ 110 кВ Чульманская ТЭЦ – Малый Нимныр с отпайками
      1846  КСЗ ВЛ 110 Чульманская ТЭЦ – Малый Нимныр с отпайками (ДЗ, ТЗНП, МФТО) (ТОР 300 КСЗ 514)
      1847  Комплект РЗА ВЛ 110 Чульманская ТЭЦ – Малый Нимныр с отпайками (ДЗ, ТЗНП, МФТО, АУВ, АПВ) (ТОР 300 КСЗ 510)
    1697  КЛ 110 кВ Восточная ТЭЦ – 2Р
      1795  КСЗ (ШЭ2607021)
      1799  ДЗЛ и КСЗ (ШЭ2607091)
      1804  ДЗЛ и КСЗ (ШЭ2607092) КЛ 110 кВ Восточная ТЭЦ-2Р
    1698  КЛ 110 кВ Восточная ТЭЦ – 1Р
      1792  КСЗ (ШЭ2607021)
      1798  ДЗЛ и КСЗ (ШЭ2607091)
      1805  ДЗЛ и КСЗ (ШЭ2607092) КЛ 110 кВ Восточная ТЭЦ-1Р
    1699  КЛ 110 кВ Восточная ТЭЦ - Стройиндустрия
      1790  КСЗ (ШЭ2607021)
      1796  ДЗЛ и КСЗ (ШЭ2607091)
      1806  ДЗЛ и КСЗ (ШЭ2607092) КЛ 110 кВ Восточная ТЭЦ-Стройиндустрия
    1700  КВЛ 110 кВ Восточная ТЭЦ – Зелёный угол
      1791  ДЗЛ и КСЗ (ШЭ2607091)
      1797  КСЗ (ШЭ2607021)
      1807  ДЗЛ и КСЗ (ШЭ2607092) КВЛ 110кВ Восточная ТЭЦ-Зелёный угол
    2057  ВЛ 110 кВ Комсомольская – Хурба (С-94)
      2058  ВЧБ ВЛ 110 кВ Комсомольская – Хурба (ЭПЗ-1643)
    2071  ВЛ 110 кВ Совгаванская ТЭЦ – Ванино II цепь
      2075  Комплект РЗ ВЛ 110 кВ Совгаванская ТЭЦ – Ванино II цепь (ДЗЛ, ДЗ, ТЗНП, МФТО, МТЗ) (7SD522)
      2077  ПРМ УПК-Ц 376 кГц ВЛ 110 кВ Совгаванская ТЭЦ – Ванино II цепь
      2078  ПРД УПК-Ц 332 кГц ВЛ 110 кВ Совгаванская ТЭЦ – Ванино II цепь
      2120  КСЗ ВЛ 110 кВ Совгаванская ТЭЦ – Ванино II цепь (ДЗ, ТЗНП, МФТО, МТЗ, ТУ) (БЭ2704 021)
      2121  Комплект РЗ ВЛ 110 кВ Совгаванская ТЭЦ – Ванино II цепь (ДЗЛ, ДЗ, ТЗНП, МФТО, МТЗ) (7SD522)
      2127  ПРМ АВАНТ 332 кГц ВЛ 110 кВ Совгаванская ТЭЦ – Ванино II цепь
      2128  ПРД АВАНТ 376 кГц ВЛ 110 кВ Совгаванская ТЭЦ – Ванино II цепь
    2072  ВЛ 110 кВ Совгаванская ТЭЦ – Ванино I цепь
      2076  Комплект РЗ ВЛ 110 кВ Совгаванская ТЭЦ – Ванино I цепь (ДЗЛ, ДЗ, ТЗНП, МФТО, МТЗ) (7SD522)
      2079  ПРМ УПК-Ц 388 кГц ВЛ 110 кВ Совгаванская ТЭЦ – Ванино I цепь
      2080  ПРД УПК-Ц 344 кГц ВЛ 110 кВ Совгаванская ТЭЦ – Ванино I цепь
      2122  КСЗ ВЛ 110 кВ Совгаванская ТЭЦ – Ванино I цепь (ДЗ, ТЗНП, МФТО, МТЗ, ТУ) (БЭ2704 021)
      2126  Комплект РЗ ВЛ 110 кВ Совгаванская ТЭЦ – Ванино I цепь (ДЗЛ, ДЗ, ТЗНП, МФТО, МТЗ) (7SD522)
      2129  ПРМ АВАНТ 344 кГц ВЛ 110 кВ Совгаванская ТЭЦ – Ванино I цепь
      2130  ПРД АВАНТ 388 кГц ВЛ 110 кВ Совгаванская ТЭЦ – Ванино I цепь
    2331  ВЛ 110 кВ Совгаванская ТЭЦ – Окоча II цепь
      2356  Комплект РЗ ВЛ 110 кВ Совгаванская ТЭЦ – Окоча II цепь (ДЗЛ, ДЗ, ТЗНП, МФТО) (ШЭ2607 093)
      2357  КСЗ ВЛ 110 кВ Совгаванская ТЭЦ – Окоча II цепь (ДЗ, ТЗНП, МФТО, МТЗ, ТУ) (БЭ2704 021)
    2332  ВЛ 110 кВ Совгаванская ТЭЦ – Окоча I цепь
      2353  Комплект РЗ ВЛ 110 кВ Совгаванская ТЭЦ – Окоча I цепь (ДЗЛ, ДЗ, ТЗНП, МФТО) (ШЭ2607 093)
      2354  КСЗ ВЛ 110 кВ Совгаванская ТЭЦ – Окоча I цепь (ДЗ, ТЗНП, МФТО, МТЗ, ТУ) (БЭ2704 021)
    2333  ВЛ 110 кВ Совгаванская ТЭЦ – Эгге
      2350  Комплект РЗ ВЛ 110 кВ Совгаванская ТЭЦ – Эгге (ДЗЛ, ДЗ, ТЗНП, МФТО) (ШЭ2607 093)
      2351  КСЗ ВЛ 110 кВ Совгаванская ТЭЦ – Эгге (ДЗ, ТЗНП, МФТО, МТЗ, ТУ) (БЭ2704 021)
  1077  ЛЭП 35 кВ
    1078  ВЛ 35 кВ Майская ГРЭС – Тишкино с отпайкой на ПС Капитуль (Т3Ф)
    1079  ВЛ 35 кВ Майская ГРЭС – РП–4 с отпайкой на ПС РП–1 (Т4Ф)
    1107  ВЛ 35 кВ Майская ГРЭС – Южная с отпайкой на ПС РП–1 (Т5Ф)
    2328  ВЛ 35 кВ Майская ГРЭС – Эгге (Т15Ф)
    2329  ВЛ 35 кВ Майская ГРЭС – Эгге (Т2Ф)
    2330  ВЛ 35 кВ Майская ГРЭС – Кислородная (Т1Ф)
  1848  ЛЭП 500 кВ
    1849  ВЛ 500 кВ Хабаровская – Комсомольская (Л-512)

 121  Энергетическое оборудование
  122  Турбогенераторы
    123  ГТГ № 5
    124  ГТГ № 6
    125  ГТГ № 7
    126  ГТГ № 8
    127  ГТГ № 9
    128  ТГ № 1
    129  ТГ № 3
    130  ТГ № 4
  131  Общестанционное оборудование
    133  Снижение максимальной мощности, готовой к несению нагрузки или изменение регулировочного диапазона станции относительно согласованных величин по причине вывода из работы или изменения режима работы основного, вспомогательного оборудования, или электротехнического оборудования
    1164  ОПРЧ ТГ №1
    1165  ОПРЧ ГТГ №6
    1166  ОПРЧ ГТГ №7
    1167  ОПРЧ ГТГ №8
    1168  ОПРЧ ГТГ №9
    1169  ОПРЧ ТГ №3
    1170  ОПРЧ ТГ №4
    1344  СК №5

 132  Энергетические котлы

 1001  Устройства релейной защиты и автоматики
  1103  Противоаварийная автоматика
    1104  Частотная делительная автоматика
    1129  Снижение объема ОН в операционной зоне Хабаровского РДУ

 1002  Автоматизированные системы диспетчерского управления
  1342  Программно-аппратные комплексы

 1073  Электротехническое оборудование
  1074  Системы (секции, сборки) шин
    1075  СШ 35 кВ
      1076  I С.Ш.
      1110  II С.Ш.
  1081  Выключатели
    1111  В 35 кВ
      1112  ШСВ-35

 1134  СДТУ
  1135  СДТУ направления
    1136  СДТУ направления Хабаровское РДУ - Амурская ТЭЦ-1
    1137  СДТУ направления Хабаровское РДУ - Комсомольская ТЭЦ-1
    1138  СДТУ направления Хабаровское РДУ - Комсомольская ТЭЦ-2
    1139  СДТУ направления Хабаровское РДУ - Комсомольская ТЭЦ-3
    1140  СДТУ направления Хабаровское РДУ - Хабаровская ТЭЦ-1
    1141  СДТУ направления Хабаровское РДУ - Хабаровская ТЭЦ-3
    1142  СДТУ направления ДП Хабаровское РДУ – Майская ГРЭС
    2026  СДТУ направления Хабаровское РДУ – ПС 220 кВ НПС-34
    2098  СДТУ направления Хабаровское РДУ – Совгаванская ТЭЦ
  1349  СДТУ ДЦ
    1350  FOX-515 Л-224 ХТЭЦ-3 - НПС-34
  2027  СДТУ ПА
